CRITICAL - 2023-01-01 07:16:42 --> Class 'Spreadsheet' not found
in APPPATH\Controllers\Inicio.php on line 36.
 1 SYSTEMPATH\CodeIgniter.php(927): App\Controllers\Inicio->excel()
 2 SYSTEMPATH\CodeIgniter.php(482): CodeIgniter\CodeIgniter->runController(Object(App\Controllers\Inicio))
 3 SYSTEMPATH\CodeIgniter.php(351): CodeIgniter\CodeIgniter->handleRequest(null, Object(Config\Cache), false)
 4 FCPATH\index.php(67): CodeIgniter\CodeIgniter->run()
CRITICAL - 2023-01-01 07:17:10 --> Class 'Spreadsheet' not found
in APPPATH\Controllers\Inicio.php on line 36.
 1 SYSTEMPATH\CodeIgniter.php(927): App\Controllers\Inicio->excel()
 2 SYSTEMPATH\CodeIgniter.php(482): CodeIgniter\CodeIgniter->runController(Object(App\Controllers\Inicio))
 3 SYSTEMPATH\CodeIgniter.php(351): CodeIgniter\CodeIgniter->handleRequest(null, Object(Config\Cache), false)
 4 FCPATH\index.php(67): CodeIgniter\CodeIgniter->run()
CRITICAL - 2023-01-01 07:23:32 --> Class 'App\ThirdParty\PhpSpreadsheet\Spreadsheet' not found
in APPPATH\Controllers\Inicio.php on line 37.
 1 SYSTEMPATH\CodeIgniter.php(927): App\Controllers\Inicio->excel()
 2 SYSTEMPATH\CodeIgniter.php(482): CodeIgniter\CodeIgniter->runController(Object(App\Controllers\Inicio))
 3 SYSTEMPATH\CodeIgniter.php(351): CodeIgniter\CodeIgniter->handleRequest(null, Object(Config\Cache), false)
 4 FCPATH\index.php(67): CodeIgniter\CodeIgniter->run()
CRITICAL - 2023-01-01 15:10:43 --> Class 'App\Controllers\Xlsx' not found
in APPPATH\Controllers\Productos.php on line 296.
 1 SYSTEMPATH\CodeIgniter.php(927): App\Controllers\Productos->mostrarMinimosExcel()
 2 SYSTEMPATH\CodeIgniter.php(482): CodeIgniter\CodeIgniter->runController(Object(App\Controllers\Productos))
 3 SYSTEMPATH\CodeIgniter.php(351): CodeIgniter\CodeIgniter->handleRequest(null, Object(Config\Cache), false)
 4 FCPATH\index.php(67): CodeIgniter\CodeIgniter->run()
CRITICAL - 2023-01-01 15:13:13 --> Class 'App\Controllers\Xlsx' not found
in APPPATH\Controllers\Productos.php on line 296.
 1 SYSTEMPATH\CodeIgniter.php(927): App\Controllers\Productos->mostrarMinimosExcel()
 2 SYSTEMPATH\CodeIgniter.php(482): CodeIgniter\CodeIgniter->runController(Object(App\Controllers\Productos))
 3 SYSTEMPATH\CodeIgniter.php(351): CodeIgniter\CodeIgniter->handleRequest(null, Object(Config\Cache), false)
 4 FCPATH\index.php(67): CodeIgniter\CodeIgniter->run()
CRITICAL - 2023-01-01 15:13:21 --> Class 'App\Controllers\Xlsx' not found
in APPPATH\Controllers\Productos.php on line 296.
 1 SYSTEMPATH\CodeIgniter.php(927): App\Controllers\Productos->mostrarMinimosExcel()
 2 SYSTEMPATH\CodeIgniter.php(482): CodeIgniter\CodeIgniter->runController(Object(App\Controllers\Productos))
 3 SYSTEMPATH\CodeIgniter.php(351): CodeIgniter\CodeIgniter->handleRequest(null, Object(Config\Cache), false)
 4 FCPATH\index.php(67): CodeIgniter\CodeIgniter->run()
CRITICAL - 2023-01-01 15:13:27 --> Class 'App\Controllers\Xlsx' not found
in APPPATH\Controllers\Productos.php on line 296.
 1 SYSTEMPATH\CodeIgniter.php(927): App\Controllers\Productos->mostrarMinimosExcel()
 2 SYSTEMPATH\CodeIgniter.php(482): CodeIgniter\CodeIgniter->runController(Object(App\Controllers\Productos))
 3 SYSTEMPATH\CodeIgniter.php(351): CodeIgniter\CodeIgniter->handleRequest(null, Object(Config\Cache), false)
 4 FCPATH\index.php(67): CodeIgniter\CodeIgniter->run()
CRITICAL - 2023-01-01 15:21:08 --> Class 'Phpoffice\PhpSpreadsheet\Spreadsheet' not found
in APPPATH\Controllers\Productos.php on line 290.
 1 SYSTEMPATH\CodeIgniter.php(927): App\Controllers\Productos->mostrarMinimosExcel()
 2 SYSTEMPATH\CodeIgniter.php(482): CodeIgniter\CodeIgniter->runController(Object(App\Controllers\Productos))
 3 SYSTEMPATH\CodeIgniter.php(351): CodeIgniter\CodeIgniter->handleRequest(null, Object(Config\Cache), false)
 4 FCPATH\index.php(67): CodeIgniter\CodeIgniter->run()
CRITICAL - 2023-01-01 15:21:11 --> Class 'Phpoffice\PhpSpreadsheet\Spreadsheet' not found
in APPPATH\Controllers\Productos.php on line 290.
 1 SYSTEMPATH\CodeIgniter.php(927): App\Controllers\Productos->mostrarMinimosExcel()
 2 SYSTEMPATH\CodeIgniter.php(482): CodeIgniter\CodeIgniter->runController(Object(App\Controllers\Productos))
 3 SYSTEMPATH\CodeIgniter.php(351): CodeIgniter\CodeIgniter->handleRequest(null, Object(Config\Cache), false)
 4 FCPATH\index.php(67): CodeIgniter\CodeIgniter->run()
CRITICAL - 2023-01-01 15:21:23 --> Class 'App\Controllers\Xlsx' not found
in APPPATH\Controllers\Productos.php on line 296.
 1 SYSTEMPATH\CodeIgniter.php(927): App\Controllers\Productos->mostrarMinimosExcel()
 2 SYSTEMPATH\CodeIgniter.php(482): CodeIgniter\CodeIgniter->runController(Object(App\Controllers\Productos))
 3 SYSTEMPATH\CodeIgniter.php(351): CodeIgniter\CodeIgniter->handleRequest(null, Object(Config\Cache), false)
 4 FCPATH\index.php(67): CodeIgniter\CodeIgniter->run()
CRITICAL - 2023-01-01 15:26:46 --> Class 'PhpOffice\phpspreadsheet\src\PhpSpreadsheet\Spreadsheet' not found
in APPPATH\Controllers\Productos.php on line 290.
 1 SYSTEMPATH\CodeIgniter.php(927): App\Controllers\Productos->mostrarMinimosExcel()
 2 SYSTEMPATH\CodeIgniter.php(482): CodeIgniter\CodeIgniter->runController(Object(App\Controllers\Productos))
 3 SYSTEMPATH\CodeIgniter.php(351): CodeIgniter\CodeIgniter->handleRequest(null, Object(Config\Cache), false)
 4 FCPATH\index.php(67): CodeIgniter\CodeIgniter->run()
CRITICAL - 2023-01-01 15:26:49 --> Class 'PhpOffice\phpspreadsheet\src\PhpSpreadsheet\Spreadsheet' not found
in APPPATH\Controllers\Productos.php on line 290.
 1 SYSTEMPATH\CodeIgniter.php(927): App\Controllers\Productos->mostrarMinimosExcel()
 2 SYSTEMPATH\CodeIgniter.php(482): CodeIgniter\CodeIgniter->runController(Object(App\Controllers\Productos))
 3 SYSTEMPATH\CodeIgniter.php(351): CodeIgniter\CodeIgniter->handleRequest(null, Object(Config\Cache), false)
 4 FCPATH\index.php(67): CodeIgniter\CodeIgniter->run()
CRITICAL - 2023-01-01 15:33:22 --> Class 'App\Controllers\Xls' not found
in APPPATH\Controllers\Productos.php on line 296.
 1 SYSTEMPATH\CodeIgniter.php(927): App\Controllers\Productos->mostrarMinimosExcel()
 2 SYSTEMPATH\CodeIgniter.php(482): CodeIgniter\CodeIgniter->runController(Object(App\Controllers\Productos))
 3 SYSTEMPATH\CodeIgniter.php(351): CodeIgniter\CodeIgniter->handleRequest(null, Object(Config\Cache), false)
 4 FCPATH\index.php(67): CodeIgniter\CodeIgniter->run()
CRITICAL - 2023-01-01 15:34:44 --> Class 'App\Controllers\Xlsx' not found
in APPPATH\Controllers\Productos.php on line 297.
 1 SYSTEMPATH\CodeIgniter.php(927): App\Controllers\Productos->mostrarMinimosExcel()
 2 SYSTEMPATH\CodeIgniter.php(482): CodeIgniter\CodeIgniter->runController(Object(App\Controllers\Productos))
 3 SYSTEMPATH\CodeIgniter.php(351): CodeIgniter\CodeIgniter->handleRequest(null, Object(Config\Cache), false)
 4 FCPATH\index.php(67): CodeIgniter\CodeIgniter->run()
CRITICAL - 2023-01-01 15:35:15 --> Class 'App\Controllers\Xlsx' not found
in APPPATH\Controllers\Productos.php on line 297.
 1 SYSTEMPATH\CodeIgniter.php(927): App\Controllers\Productos->mostrarMinimosExcel()
 2 SYSTEMPATH\CodeIgniter.php(482): CodeIgniter\CodeIgniter->runController(Object(App\Controllers\Productos))
 3 SYSTEMPATH\CodeIgniter.php(351): CodeIgniter\CodeIgniter->handleRequest(null, Object(Config\Cache), false)
 4 FCPATH\index.php(67): CodeIgniter\CodeIgniter->run()
CRITICAL - 2023-01-01 15:50:59 --> fopen(hola.xlsx): failed to open stream: Resource temporarily unavailable
in VENDORPATH\phpoffice\phpspreadsheet\src\PhpSpreadsheet\Writer\BaseWriter.php on line 128.
 1 [internal function]: CodeIgniter\Debug\Exceptions->errorHandler(2, 'fopen(hola.xlsx): failed to open stream: Resource temporarily unavailable', 'VENDORPATH\\phpoffice\\phpspreadsheet\\src\\PhpSpreadsheet\\Writer\\BaseWriter.php', 128, [...])
 2 VENDORPATH\phpoffice\phpspreadsheet\src\PhpSpreadsheet\Writer\BaseWriter.php(128): fopen('FCPATH\\hola.xlsx', 'wb')
 3 VENDORPATH\phpoffice\phpspreadsheet\src\PhpSpreadsheet\Writer\Xlsx.php(542): PhpOffice\PhpSpreadsheet\Writer\BaseWriter->openFileHandle('FCPATH\\hola.xlsx')
 4 APPPATH\Controllers\Productos.php(303): PhpOffice\PhpSpreadsheet\Writer\Xlsx->save('FCPATH\\hola.xlsx')
 5 SYSTEMPATH\CodeIgniter.php(927): App\Controllers\Productos->mostrarMinimosExcel()
 6 SYSTEMPATH\CodeIgniter.php(482): CodeIgniter\CodeIgniter->runController(Object(App\Controllers\Productos))
 7 SYSTEMPATH\CodeIgniter.php(351): CodeIgniter\CodeIgniter->handleRequest(null, Object(Config\Cache), false)
 8 FCPATH\index.php(67): CodeIgniter\CodeIgniter->run()
CRITICAL - 2023-01-01 15:51:05 --> fopen(hola.xlsx): failed to open stream: Resource temporarily unavailable
in VENDORPATH\phpoffice\phpspreadsheet\src\PhpSpreadsheet\Writer\BaseWriter.php on line 128.
 1 [internal function]: CodeIgniter\Debug\Exceptions->errorHandler(2, 'fopen(hola.xlsx): failed to open stream: Resource temporarily unavailable', 'VENDORPATH\\phpoffice\\phpspreadsheet\\src\\PhpSpreadsheet\\Writer\\BaseWriter.php', 128, [...])
 2 VENDORPATH\phpoffice\phpspreadsheet\src\PhpSpreadsheet\Writer\BaseWriter.php(128): fopen('FCPATH\\hola.xlsx', 'wb')
 3 VENDORPATH\phpoffice\phpspreadsheet\src\PhpSpreadsheet\Writer\Xlsx.php(542): PhpOffice\PhpSpreadsheet\Writer\BaseWriter->openFileHandle('FCPATH\\hola.xlsx')
 4 APPPATH\Controllers\Productos.php(303): PhpOffice\PhpSpreadsheet\Writer\Xlsx->save('FCPATH\\hola.xlsx')
 5 SYSTEMPATH\CodeIgniter.php(927): App\Controllers\Productos->mostrarMinimosExcel()
 6 SYSTEMPATH\CodeIgniter.php(482): CodeIgniter\CodeIgniter->runController(Object(App\Controllers\Productos))
 7 SYSTEMPATH\CodeIgniter.php(351): CodeIgniter\CodeIgniter->handleRequest(null, Object(Config\Cache), false)
 8 FCPATH\index.php(67): CodeIgniter\CodeIgniter->run()
CRITICAL - 2023-01-01 15:51:21 --> fopen(hola.xlsx): failed to open stream: Resource temporarily unavailable
in VENDORPATH\phpoffice\phpspreadsheet\src\PhpSpreadsheet\Writer\BaseWriter.php on line 128.
 1 [internal function]: CodeIgniter\Debug\Exceptions->errorHandler(2, 'fopen(hola.xlsx): failed to open stream: Resource temporarily unavailable', 'VENDORPATH\\phpoffice\\phpspreadsheet\\src\\PhpSpreadsheet\\Writer\\BaseWriter.php', 128, [...])
 2 VENDORPATH\phpoffice\phpspreadsheet\src\PhpSpreadsheet\Writer\BaseWriter.php(128): fopen('FCPATH\\hola.xlsx', 'wb')
 3 VENDORPATH\phpoffice\phpspreadsheet\src\PhpSpreadsheet\Writer\Xlsx.php(542): PhpOffice\PhpSpreadsheet\Writer\BaseWriter->openFileHandle('FCPATH\\hola.xlsx')
 4 APPPATH\Controllers\Productos.php(303): PhpOffice\PhpSpreadsheet\Writer\Xlsx->save('FCPATH\\hola.xlsx')
 5 SYSTEMPATH\CodeIgniter.php(927): App\Controllers\Productos->mostrarMinimosExcel()
 6 SYSTEMPATH\CodeIgniter.php(482): CodeIgniter\CodeIgniter->runController(Object(App\Controllers\Productos))
 7 SYSTEMPATH\CodeIgniter.php(351): CodeIgniter\CodeIgniter->handleRequest(null, Object(Config\Cache), false)
 8 FCPATH\index.php(67): CodeIgniter\CodeIgniter->run()
CRITICAL - 2023-01-01 16:19:56 --> Invalid cell coordinate D
in VENDORPATH\phpoffice\phpspreadsheet\src\PhpSpreadsheet\Cell\Coordinate.php on line 43.
 1 VENDORPATH\phpoffice\phpspreadsheet\src\PhpSpreadsheet\Style\Style.php(219): PhpOffice\PhpSpreadsheet\Cell\Coordinate::coordinateFromString('D')
 2 APPPATH\Controllers\Productos.php(335): PhpOffice\PhpSpreadsheet\Style\Style->applyFromArray([...])
 3 SYSTEMPATH\CodeIgniter.php(927): App\Controllers\Productos->mostrarMinimosExcel()
 4 SYSTEMPATH\CodeIgniter.php(482): CodeIgniter\CodeIgniter->runController(Object(App\Controllers\Productos))
 5 SYSTEMPATH\CodeIgniter.php(351): CodeIgniter\CodeIgniter->handleRequest(null, Object(Config\Cache), false)
 6 FCPATH\index.php(67): CodeIgniter\CodeIgniter->run()
CRITICAL - 2023-01-01 16:21:31 --> Invalid cell coordinate D
in VENDORPATH\phpoffice\phpspreadsheet\src\PhpSpreadsheet\Cell\Coordinate.php on line 43.
 1 VENDORPATH\phpoffice\phpspreadsheet\src\PhpSpreadsheet\Style\Style.php(219): PhpOffice\PhpSpreadsheet\Cell\Coordinate::coordinateFromString('D')
 2 APPPATH\Controllers\Productos.php(335): PhpOffice\PhpSpreadsheet\Style\Style->applyFromArray([...])
 3 SYSTEMPATH\CodeIgniter.php(927): App\Controllers\Productos->mostrarMinimosExcel()
 4 SYSTEMPATH\CodeIgniter.php(482): CodeIgniter\CodeIgniter->runController(Object(App\Controllers\Productos))
 5 SYSTEMPATH\CodeIgniter.php(351): CodeIgniter\CodeIgniter->handleRequest(null, Object(Config\Cache), false)
 6 FCPATH\index.php(67): CodeIgniter\CodeIgniter->run()
CRITICAL - 2023-01-01 16:21:33 --> Invalid cell coordinate D
in VENDORPATH\phpoffice\phpspreadsheet\src\PhpSpreadsheet\Cell\Coordinate.php on line 43.
 1 VENDORPATH\phpoffice\phpspreadsheet\src\PhpSpreadsheet\Style\Style.php(219): PhpOffice\PhpSpreadsheet\Cell\Coordinate::coordinateFromString('D')
 2 APPPATH\Controllers\Productos.php(335): PhpOffice\PhpSpreadsheet\Style\Style->applyFromArray([...])
 3 SYSTEMPATH\CodeIgniter.php(927): App\Controllers\Productos->mostrarMinimosExcel()
 4 SYSTEMPATH\CodeIgniter.php(482): CodeIgniter\CodeIgniter->runController(Object(App\Controllers\Productos))
 5 SYSTEMPATH\CodeIgniter.php(351): CodeIgniter\CodeIgniter->handleRequest(null, Object(Config\Cache), false)
 6 FCPATH\index.php(67): CodeIgniter\CodeIgniter->run()
CRITICAL - 2023-01-01 16:21:52 --> Invalid cell coordinate D
in VENDORPATH\phpoffice\phpspreadsheet\src\PhpSpreadsheet\Cell\Coordinate.php on line 43.
 1 VENDORPATH\phpoffice\phpspreadsheet\src\PhpSpreadsheet\Style\Style.php(219): PhpOffice\PhpSpreadsheet\Cell\Coordinate::coordinateFromString('D')
 2 APPPATH\Controllers\Productos.php(335): PhpOffice\PhpSpreadsheet\Style\Style->applyFromArray([...])
 3 SYSTEMPATH\CodeIgniter.php(927): App\Controllers\Productos->mostrarMinimosExcel()
 4 SYSTEMPATH\CodeIgniter.php(482): CodeIgniter\CodeIgniter->runController(Object(App\Controllers\Productos))
 5 SYSTEMPATH\CodeIgniter.php(351): CodeIgniter\CodeIgniter->handleRequest(null, Object(Config\Cache), false)
 6 FCPATH\index.php(67): CodeIgniter\CodeIgniter->run()
CRITICAL - 2023-01-01 16:21:54 --> Invalid cell coordinate D
in VENDORPATH\phpoffice\phpspreadsheet\src\PhpSpreadsheet\Cell\Coordinate.php on line 43.
 1 VENDORPATH\phpoffice\phpspreadsheet\src\PhpSpreadsheet\Style\Style.php(219): PhpOffice\PhpSpreadsheet\Cell\Coordinate::coordinateFromString('D')
 2 APPPATH\Controllers\Productos.php(335): PhpOffice\PhpSpreadsheet\Style\Style->applyFromArray([...])
 3 SYSTEMPATH\CodeIgniter.php(927): App\Controllers\Productos->mostrarMinimosExcel()
 4 SYSTEMPATH\CodeIgniter.php(482): CodeIgniter\CodeIgniter->runController(Object(App\Controllers\Productos))
 5 SYSTEMPATH\CodeIgniter.php(351): CodeIgniter\CodeIgniter->handleRequest(null, Object(Config\Cache), false)
 6 FCPATH\index.php(67): CodeIgniter\CodeIgniter->run()
CRITICAL - 2023-01-01 16:23:56 --> Invalid cell coordinate D
in VENDORPATH\phpoffice\phpspreadsheet\src\PhpSpreadsheet\Cell\Coordinate.php on line 43.
 1 VENDORPATH\phpoffice\phpspreadsheet\src\PhpSpreadsheet\Style\Style.php(219): PhpOffice\PhpSpreadsheet\Cell\Coordinate::coordinateFromString('D')
 2 APPPATH\Controllers\Productos.php(335): PhpOffice\PhpSpreadsheet\Style\Style->applyFromArray([...])
 3 SYSTEMPATH\CodeIgniter.php(927): App\Controllers\Productos->mostrarMinimosExcel()
 4 SYSTEMPATH\CodeIgniter.php(482): CodeIgniter\CodeIgniter->runController(Object(App\Controllers\Productos))
 5 SYSTEMPATH\CodeIgniter.php(351): CodeIgniter\CodeIgniter->handleRequest(null, Object(Config\Cache), false)
 6 FCPATH\index.php(67): CodeIgniter\CodeIgniter->run()
CRITICAL - 2023-01-01 17:28:38 --> Class 'App\Controllers\Spreadsheet' not found
in APPPATH\Controllers\Inicio.php on line 36.
 1 SYSTEMPATH\CodeIgniter.php(927): App\Controllers\Inicio->excel()
 2 SYSTEMPATH\CodeIgniter.php(482): CodeIgniter\CodeIgniter->runController(Object(App\Controllers\Inicio))
 3 SYSTEMPATH\CodeIgniter.php(351): CodeIgniter\CodeIgniter->handleRequest(null, Object(Config\Cache), false)
 4 FCPATH\index.php(67): CodeIgniter\CodeIgniter->run()
