ERROR - 2023-01-09 07:55:50 --> mysqli_sql_exception: Unknown column 'activo' in 'where clause' in C:\xampp\htdocs\pos\system\Database\MySQLi\Connection.php:292
Stack trace:
#0 C:\xampp\htdocs\pos\system\Database\MySQLi\Connection.php(292): mysqli->query('SELECT *\nFROM `...', 0)
#1 C:\xampp\htdocs\pos\system\Database\BaseConnection.php(666): CodeIgniter\Database\MySQLi\Connection->execute('SELECT *\nFROM `...')
#2 C:\xampp\htdocs\pos\system\Database\BaseConnection.php(593): CodeIgniter\Database\BaseConnection->simpleQuery('SELECT *\nFROM `...')
#3 C:\xampp\htdocs\pos\system\Database\BaseBuilder.php(1585): CodeIgniter\Database\BaseConnection->query('SELECT *\nFROM `...', Array, false)
#4 C:\xampp\htdocs\pos\system\Model.php(223): CodeIgniter\Database\BaseBuilder->get()
#5 C:\xampp\htdocs\pos\system\BaseModel.php(585): CodeIgniter\Model->doFindAll(0, 0)
#6 C:\xampp\htdocs\pos\app\Controllers\Logs.php(20): CodeIgniter\BaseModel->findAll()
#7 C:\xampp\htdocs\pos\system\CodeIgniter.php(927): App\Controllers\Logs->index()
#8 C:\xampp\htdocs\pos\system\CodeIgniter.php(482): CodeIgniter\CodeIgniter->runController(Object(App\Controllers\Logs))
#9 C:\xampp\htdocs\pos\system\CodeIgniter.php(351): CodeIgniter\CodeIgniter->handleRequest(NULL, Object(Config\Cache), false)
#10 C:\xampp\htdocs\pos\public\index.php(67): CodeIgniter\CodeIgniter->run()
#11 {main}
CRITICAL - 2023-01-09 07:55:50 --> Unknown column 'activo' in 'where clause'
in SYSTEMPATH\Database\MySQLi\Connection.php on line 292.
 1 SYSTEMPATH\Database\MySQLi\Connection.php(292): mysqli->query('SELECT *
FROM `logs`
WHERE `activo` = 1', 0)
 2 SYSTEMPATH\Database\BaseConnection.php(666): CodeIgniter\Database\MySQLi\Connection->execute('SELECT *
FROM `logs`
WHERE `activo` = 1')
 3 SYSTEMPATH\Database\BaseConnection.php(593): CodeIgniter\Database\BaseConnection->simpleQuery('SELECT *
FROM `logs`
WHERE `activo` = 1')
 4 SYSTEMPATH\Database\BaseBuilder.php(1585): CodeIgniter\Database\BaseConnection->query('SELECT *
FROM `logs`
WHERE `activo` = :activo:', [...], false)
 5 SYSTEMPATH\Model.php(223): CodeIgniter\Database\BaseBuilder->get()
 6 SYSTEMPATH\BaseModel.php(585): CodeIgniter\Model->doFindAll(0, 0)
 7 APPPATH\Controllers\Logs.php(20): CodeIgniter\BaseModel->findAll()
 8 SYSTEMPATH\CodeIgniter.php(927): App\Controllers\Logs->index()
 9 SYSTEMPATH\CodeIgniter.php(482): CodeIgniter\CodeIgniter->runController(Object(App\Controllers\Logs))
10 SYSTEMPATH\CodeIgniter.php(351): CodeIgniter\CodeIgniter->handleRequest(null, Object(Config\Cache), false)
11 FCPATH\index.php(67): CodeIgniter\CodeIgniter->run()
CRITICAL - 2023-01-09 08:06:09 --> Undefined variable: session
in APPPATH\Controllers\Logs.php on line 20.
 1 APPPATH\Controllers\Logs.php(20): CodeIgniter\Debug\Exceptions->errorHandler(8, 'Undefined variable: session', 'APPPATH\\Controllers\\Logs.php', 20, [])
 2 SYSTEMPATH\CodeIgniter.php(927): App\Controllers\Logs->index()
 3 SYSTEMPATH\CodeIgniter.php(482): CodeIgniter\CodeIgniter->runController(Object(App\Controllers\Logs))
 4 SYSTEMPATH\CodeIgniter.php(351): CodeIgniter\CodeIgniter->handleRequest(null, Object(Config\Cache), false)
 5 FCPATH\index.php(67): CodeIgniter\CodeIgniter->run()
CRITICAL - 2023-01-09 08:06:49 --> Invalid argument supplied for foreach()
in APPPATH\Views\logs\logs.php on line 20.
 1 APPPATH\Views\logs\logs.php(20): CodeIgniter\Debug\Exceptions->errorHandler(2, 'Invalid argument supplied for foreach()', 'APPPATH\\Views\\logs\\logs.php', 20, [...])
 2 SYSTEMPATH\View\View.php(213): include('APPPATH\\Views\\logs\\logs.php')
 3 SYSTEMPATH\View\View.php(216): CodeIgniter\View\View->CodeIgniter\View\{closure}()
 4 SYSTEMPATH\Common.php(1134): CodeIgniter\View\View->render('logs/logs', [], true)
 5 APPPATH\Controllers\Logs.php(25): view('logs/logs', [...])
 6 SYSTEMPATH\CodeIgniter.php(927): App\Controllers\Logs->index()
 7 SYSTEMPATH\CodeIgniter.php(482): CodeIgniter\CodeIgniter->runController(Object(App\Controllers\Logs))
 8 SYSTEMPATH\CodeIgniter.php(351): CodeIgniter\CodeIgniter->handleRequest(null, Object(Config\Cache), false)
 9 FCPATH\index.php(67): CodeIgniter\CodeIgniter->run()
CRITICAL - 2023-01-09 08:31:56 --> Undefined index: usuario
in APPPATH\Views\logs\logs.php on line 22.
 1 APPPATH\Views\logs\logs.php(22): CodeIgniter\Debug\Exceptions->errorHandler(8, 'Undefined index: usuario', 'APPPATH\\Views\\logs\\logs.php', 22, [...])
 2 SYSTEMPATH\View\View.php(213): include('APPPATH\\Views\\logs\\logs.php')
 3 SYSTEMPATH\View\View.php(216): CodeIgniter\View\View->CodeIgniter\View\{closure}()
 4 SYSTEMPATH\Common.php(1134): CodeIgniter\View\View->render('logs/logs', [], true)
 5 APPPATH\Controllers\Logs.php(25): view('logs/logs', [...])
 6 SYSTEMPATH\CodeIgniter.php(927): App\Controllers\Logs->index()
 7 SYSTEMPATH\CodeIgniter.php(482): CodeIgniter\CodeIgniter->runController(Object(App\Controllers\Logs))
 8 SYSTEMPATH\CodeIgniter.php(351): CodeIgniter\CodeIgniter->handleRequest(null, Object(Config\Cache), false)
 9 FCPATH\index.php(67): CodeIgniter\CodeIgniter->run()
CRITICAL - 2023-01-09 08:32:00 --> Undefined index: usuario
in APPPATH\Views\logs\logs.php on line 22.
 1 APPPATH\Views\logs\logs.php(22): CodeIgniter\Debug\Exceptions->errorHandler(8, 'Undefined index: usuario', 'APPPATH\\Views\\logs\\logs.php', 22, [...])
 2 SYSTEMPATH\View\View.php(213): include('APPPATH\\Views\\logs\\logs.php')
 3 SYSTEMPATH\View\View.php(216): CodeIgniter\View\View->CodeIgniter\View\{closure}()
 4 SYSTEMPATH\Common.php(1134): CodeIgniter\View\View->render('logs/logs', [], true)
 5 APPPATH\Controllers\Logs.php(25): view('logs/logs', [...])
 6 SYSTEMPATH\CodeIgniter.php(927): App\Controllers\Logs->index()
 7 SYSTEMPATH\CodeIgniter.php(482): CodeIgniter\CodeIgniter->runController(Object(App\Controllers\Logs))
 8 SYSTEMPATH\CodeIgniter.php(351): CodeIgniter\CodeIgniter->handleRequest(null, Object(Config\Cache), false)
 9 FCPATH\index.php(67): CodeIgniter\CodeIgniter->run()
CRITICAL - 2023-01-09 08:34:56 --> Undefined index: usuario
in APPPATH\Views\logs\logs.php on line 22.
 1 APPPATH\Views\logs\logs.php(22): CodeIgniter\Debug\Exceptions->errorHandler(8, 'Undefined index: usuario', 'APPPATH\\Views\\logs\\logs.php', 22, [...])
 2 SYSTEMPATH\View\View.php(213): include('APPPATH\\Views\\logs\\logs.php')
 3 SYSTEMPATH\View\View.php(216): CodeIgniter\View\View->CodeIgniter\View\{closure}()
 4 SYSTEMPATH\Common.php(1134): CodeIgniter\View\View->render('logs/logs', [], true)
 5 APPPATH\Controllers\Logs.php(24): view('logs/logs', [...])
 6 SYSTEMPATH\CodeIgniter.php(927): App\Controllers\Logs->index()
 7 SYSTEMPATH\CodeIgniter.php(482): CodeIgniter\CodeIgniter->runController(Object(App\Controllers\Logs))
 8 SYSTEMPATH\CodeIgniter.php(351): CodeIgniter\CodeIgniter->handleRequest(null, Object(Config\Cache), false)
 9 FCPATH\index.php(67): CodeIgniter\CodeIgniter->run()
CRITICAL - 2023-01-09 15:38:38 --> A non-numeric value encountered
in APPPATH\ThirdParty\fpdf\fpdf.php on line 924.
 1 APPPATH\ThirdParty\fpdf\fpdf.php(924): CodeIgniter\Debug\Exceptions->errorHandler(2, 'A non-numeric value encountered', 'APPPATH\\ThirdParty\\fpdf\\fpdf.php', 924, [...])
 2 APPPATH\Controllers\Compras.php(105): FPDF->Image('http://192.168.0.104/images/logo.png', 'R', 10, 20, 20, 'png')
 3 SYSTEMPATH\CodeIgniter.php(927): App\Controllers\Compras->generaCompraPdf('1')
 4 SYSTEMPATH\CodeIgniter.php(482): CodeIgniter\CodeIgniter->runController(Object(App\Controllers\Compras))
 5 SYSTEMPATH\CodeIgniter.php(351): CodeIgniter\CodeIgniter->handleRequest(null, Object(Config\Cache), false)
 6 FCPATH\index.php(67): CodeIgniter\CodeIgniter->run()
CRITICAL - 2023-01-09 16:23:56 --> syntax error, unexpected '?>'
in APPPATH\Views\clientes\editar.php on line 35.
 1 SYSTEMPATH\View\View.php(216): CodeIgniter\View\View->CodeIgniter\View\{closure}()
 2 SYSTEMPATH\Common.php(1134): CodeIgniter\View\View->render('clientes/editar', [], true)
 3 APPPATH\Controllers\Clientes.php(80): view('clientes/editar', [...])
 4 SYSTEMPATH\CodeIgniter.php(927): App\Controllers\Clientes->editar('3')
 5 SYSTEMPATH\CodeIgniter.php(482): CodeIgniter\CodeIgniter->runController(Object(App\Controllers\Clientes))
 6 SYSTEMPATH\CodeIgniter.php(351): CodeIgniter\CodeIgniter->handleRequest(null, Object(Config\Cache), false)
 7 FCPATH\index.php(67): CodeIgniter\CodeIgniter->run()
CRITICAL - 2023-01-09 16:37:14 --> Undefined variable: cliente
in APPPATH\Views\clientes\nuevo.php on line 32.
 1 APPPATH\Views\clientes\nuevo.php(32): CodeIgniter\Debug\Exceptions->errorHandler(8, 'Undefined variable: cliente', 'APPPATH\\Views\\clientes\\nuevo.php', 32, [...])
 2 SYSTEMPATH\View\View.php(213): include('APPPATH\\Views\\clientes\\nuevo.php')
 3 SYSTEMPATH\View\View.php(216): CodeIgniter\View\View->CodeIgniter\View\{closure}()
 4 SYSTEMPATH\Common.php(1134): CodeIgniter\View\View->render('clientes/nuevo', [], true)
 5 APPPATH\Controllers\Clientes.php(52): view('clientes/nuevo', [...])
 6 SYSTEMPATH\CodeIgniter.php(927): App\Controllers\Clientes->nuevo()
 7 SYSTEMPATH\CodeIgniter.php(482): CodeIgniter\CodeIgniter->runController(Object(App\Controllers\Clientes))
 8 SYSTEMPATH\CodeIgniter.php(351): CodeIgniter\CodeIgniter->handleRequest(null, Object(Config\Cache), false)
 9 FCPATH\index.php(67): CodeIgniter\CodeIgniter->run()
CRITICAL - 2023-01-09 16:47:30 --> Undefined index: fecha_vencimiento
in APPPATH\Views\productos\productos.php on line 39.
 1 APPPATH\Views\productos\productos.php(39): CodeIgniter\Debug\Exceptions->errorHandler(8, 'Undefined index: fecha_vencimiento', 'APPPATH\\Views\\productos\\productos.php', 39, [...])
 2 SYSTEMPATH\View\View.php(213): include('APPPATH\\Views\\productos\\productos.php')
 3 SYSTEMPATH\View\View.php(216): CodeIgniter\View\View->CodeIgniter\View\{closure}()
 4 SYSTEMPATH\Common.php(1134): CodeIgniter\View\View->render('productos/productos', [], true)
 5 APPPATH\Controllers\Productos.php(53): view('productos/productos', [...])
 6 SYSTEMPATH\CodeIgniter.php(927): App\Controllers\Productos->index()
 7 SYSTEMPATH\CodeIgniter.php(482): CodeIgniter\CodeIgniter->runController(Object(App\Controllers\Productos))
 8 SYSTEMPATH\CodeIgniter.php(351): CodeIgniter\CodeIgniter->handleRequest(null, Object(Config\Cache), false)
 9 FCPATH\index.php(67): CodeIgniter\CodeIgniter->run()
ERROR - 2023-01-09 17:38:18 --> mysqli_sql_exception: Column 'edad' cannot be null in C:\xampp\htdocs\pos\system\Database\MySQLi\Connection.php:292
Stack trace:
#0 C:\xampp\htdocs\pos\system\Database\MySQLi\Connection.php(292): mysqli->query('INSERT INTO `cl...', 0)
#1 C:\xampp\htdocs\pos\system\Database\BaseConnection.php(666): CodeIgniter\Database\MySQLi\Connection->execute('INSERT INTO `cl...')
#2 C:\xampp\htdocs\pos\system\Database\BaseConnection.php(593): CodeIgniter\Database\BaseConnection->simpleQuery('INSERT INTO `cl...')
#3 C:\xampp\htdocs\pos\system\Database\BaseBuilder.php(1916): CodeIgniter\Database\BaseConnection->query('INSERT INTO `cl...', Array, false)
#4 C:\xampp\htdocs\pos\system\Model.php(279): CodeIgniter\Database\BaseBuilder->insert()
#5 C:\xampp\htdocs\pos\system\BaseModel.php(749): CodeIgniter\Model->doInsert(Array)
#6 C:\xampp\htdocs\pos\system\Model.php(667): CodeIgniter\BaseModel->insert(Array, false)
#7 C:\xampp\htdocs\pos\system\BaseModel.php(659): CodeIgniter\Model->insert(Array, false)
#8 C:\xampp\htdocs\pos\app\Controllers\Clientes.php(66): CodeIgniter\BaseModel->save(Array)
#9 C:\xampp\htdocs\pos\system\CodeIgniter.php(927): App\Controllers\Clientes->insertar()
#10 C:\xampp\htdocs\pos\system\CodeIgniter.php(482): CodeIgniter\CodeIgniter->runController(Object(App\Controllers\Clientes))
#11 C:\xampp\htdocs\pos\system\CodeIgniter.php(351): CodeIgniter\CodeIgniter->handleRequest(NULL, Object(Config\Cache), false)
#12 C:\xampp\htdocs\pos\public\index.php(67): CodeIgniter\CodeIgniter->run()
#13 {main}
CRITICAL - 2023-01-09 17:38:18 --> Column 'edad' cannot be null
in SYSTEMPATH\Database\MySQLi\Connection.php on line 292.
 1 SYSTEMPATH\Database\MySQLi\Connection.php(292): mysqli->query('INSERT INTO `clientes` (`nombre`, `direccion`, `telefono`, `correo`, `edad`, `fecha_alta`, `fecha_edit`) VALUES (\'12323ff\', \'dfdsssa\', \'asassd\', \'3243444\', NULL, \'2023-01-09 17:38:18\', \'2023-01-09 17:38:18\')', 0)
 2 SYSTEMPATH\Database\BaseConnection.php(666): CodeIgniter\Database\MySQLi\Connection->execute('INSERT INTO `clientes` (`nombre`, `direccion`, `telefono`, `correo`, `edad`, `fecha_alta`, `fecha_edit`) VALUES (\'12323ff\', \'dfdsssa\', \'asassd\', \'3243444\', NULL, \'2023-01-09 17:38:18\', \'2023-01-09 17:38:18\')')
 3 SYSTEMPATH\Database\BaseConnection.php(593): CodeIgniter\Database\BaseConnection->simpleQuery('INSERT INTO `clientes` (`nombre`, `direccion`, `telefono`, `correo`, `edad`, `fecha_alta`, `fecha_edit`) VALUES (\'12323ff\', \'dfdsssa\', \'asassd\', \'3243444\', NULL, \'2023-01-09 17:38:18\', \'2023-01-09 17:38:18\')')
 4 SYSTEMPATH\Database\BaseBuilder.php(1916): CodeIgniter\Database\BaseConnection->query('INSERT INTO `clientes` (`nombre`, `direccion`, `telefono`, `correo`, `edad`, `fecha_alta`, `fecha_edit`) VALUES (:nombre:, :direccion:, :telefono:, :correo:, :edad:, :fecha_alta:, :fecha_edit:)', [...], false)
 5 SYSTEMPATH\Model.php(279): CodeIgniter\Database\BaseBuilder->insert()
 6 SYSTEMPATH\BaseModel.php(749): CodeIgniter\Model->doInsert([...])
 7 SYSTEMPATH\Model.php(667): CodeIgniter\BaseModel->insert([...], false)
 8 SYSTEMPATH\BaseModel.php(659): CodeIgniter\Model->insert([...], false)
 9 APPPATH\Controllers\Clientes.php(66): CodeIgniter\BaseModel->save([...])
10 SYSTEMPATH\CodeIgniter.php(927): App\Controllers\Clientes->insertar()
11 SYSTEMPATH\CodeIgniter.php(482): CodeIgniter\CodeIgniter->runController(Object(App\Controllers\Clientes))
12 SYSTEMPATH\CodeIgniter.php(351): CodeIgniter\CodeIgniter->handleRequest(null, Object(Config\Cache), false)
13 FCPATH\index.php(67): CodeIgniter\CodeIgniter->run()
ERROR - 2023-01-09 17:39:49 --> mysqli_sql_exception: Column 'edad' cannot be null in C:\xampp\htdocs\pos\system\Database\MySQLi\Connection.php:292
Stack trace:
#0 C:\xampp\htdocs\pos\system\Database\MySQLi\Connection.php(292): mysqli->query('INSERT INTO `cl...', 0)
#1 C:\xampp\htdocs\pos\system\Database\BaseConnection.php(666): CodeIgniter\Database\MySQLi\Connection->execute('INSERT INTO `cl...')
#2 C:\xampp\htdocs\pos\system\Database\BaseConnection.php(593): CodeIgniter\Database\BaseConnection->simpleQuery('INSERT INTO `cl...')
#3 C:\xampp\htdocs\pos\system\Database\BaseBuilder.php(1916): CodeIgniter\Database\BaseConnection->query('INSERT INTO `cl...', Array, false)
#4 C:\xampp\htdocs\pos\system\Model.php(279): CodeIgniter\Database\BaseBuilder->insert()
#5 C:\xampp\htdocs\pos\system\BaseModel.php(749): CodeIgniter\Model->doInsert(Array)
#6 C:\xampp\htdocs\pos\system\Model.php(667): CodeIgniter\BaseModel->insert(Array, false)
#7 C:\xampp\htdocs\pos\system\BaseModel.php(659): CodeIgniter\Model->insert(Array, false)
#8 C:\xampp\htdocs\pos\app\Controllers\Clientes.php(66): CodeIgniter\BaseModel->save(Array)
#9 C:\xampp\htdocs\pos\system\CodeIgniter.php(927): App\Controllers\Clientes->insertar()
#10 C:\xampp\htdocs\pos\system\CodeIgniter.php(482): CodeIgniter\CodeIgniter->runController(Object(App\Controllers\Clientes))
#11 C:\xampp\htdocs\pos\system\CodeIgniter.php(351): CodeIgniter\CodeIgniter->handleRequest(NULL, Object(Config\Cache), false)
#12 C:\xampp\htdocs\pos\public\index.php(67): CodeIgniter\CodeIgniter->run()
#13 {main}
CRITICAL - 2023-01-09 17:39:49 --> Column 'edad' cannot be null
in SYSTEMPATH\Database\MySQLi\Connection.php on line 292.
 1 SYSTEMPATH\Database\MySQLi\Connection.php(292): mysqli->query('INSERT INTO `clientes` (`nombre`, `direccion`, `telefono`, `correo`, `edad`, `fecha_alta`, `fecha_edit`) VALUES (\'12323ff\', \'dfdsssa\', \'asassd\', \'3243444\', NULL, \'2023-01-09 17:39:49\', \'2023-01-09 17:39:49\')', 0)
 2 SYSTEMPATH\Database\BaseConnection.php(666): CodeIgniter\Database\MySQLi\Connection->execute('INSERT INTO `clientes` (`nombre`, `direccion`, `telefono`, `correo`, `edad`, `fecha_alta`, `fecha_edit`) VALUES (\'12323ff\', \'dfdsssa\', \'asassd\', \'3243444\', NULL, \'2023-01-09 17:39:49\', \'2023-01-09 17:39:49\')')
 3 SYSTEMPATH\Database\BaseConnection.php(593): CodeIgniter\Database\BaseConnection->simpleQuery('INSERT INTO `clientes` (`nombre`, `direccion`, `telefono`, `correo`, `edad`, `fecha_alta`, `fecha_edit`) VALUES (\'12323ff\', \'dfdsssa\', \'asassd\', \'3243444\', NULL, \'2023-01-09 17:39:49\', \'2023-01-09 17:39:49\')')
 4 SYSTEMPATH\Database\BaseBuilder.php(1916): CodeIgniter\Database\BaseConnection->query('INSERT INTO `clientes` (`nombre`, `direccion`, `telefono`, `correo`, `edad`, `fecha_alta`, `fecha_edit`) VALUES (:nombre:, :direccion:, :telefono:, :correo:, :edad:, :fecha_alta:, :fecha_edit:)', [...], false)
 5 SYSTEMPATH\Model.php(279): CodeIgniter\Database\BaseBuilder->insert()
 6 SYSTEMPATH\BaseModel.php(749): CodeIgniter\Model->doInsert([...])
 7 SYSTEMPATH\Model.php(667): CodeIgniter\BaseModel->insert([...], false)
 8 SYSTEMPATH\BaseModel.php(659): CodeIgniter\Model->insert([...], false)
 9 APPPATH\Controllers\Clientes.php(66): CodeIgniter\BaseModel->save([...])
10 SYSTEMPATH\CodeIgniter.php(927): App\Controllers\Clientes->insertar()
11 SYSTEMPATH\CodeIgniter.php(482): CodeIgniter\CodeIgniter->runController(Object(App\Controllers\Clientes))
12 SYSTEMPATH\CodeIgniter.php(351): CodeIgniter\CodeIgniter->handleRequest(null, Object(Config\Cache), false)
13 FCPATH\index.php(67): CodeIgniter\CodeIgniter->run()
ERROR - 2023-01-09 17:40:45 --> mysqli_sql_exception: Column 'edad' cannot be null in C:\xampp\htdocs\pos\system\Database\MySQLi\Connection.php:292
Stack trace:
#0 C:\xampp\htdocs\pos\system\Database\MySQLi\Connection.php(292): mysqli->query('INSERT INTO `cl...', 0)
#1 C:\xampp\htdocs\pos\system\Database\BaseConnection.php(666): CodeIgniter\Database\MySQLi\Connection->execute('INSERT INTO `cl...')
#2 C:\xampp\htdocs\pos\system\Database\BaseConnection.php(593): CodeIgniter\Database\BaseConnection->simpleQuery('INSERT INTO `cl...')
#3 C:\xampp\htdocs\pos\system\Database\BaseBuilder.php(1916): CodeIgniter\Database\BaseConnection->query('INSERT INTO `cl...', Array, false)
#4 C:\xampp\htdocs\pos\system\Model.php(279): CodeIgniter\Database\BaseBuilder->insert()
#5 C:\xampp\htdocs\pos\system\BaseModel.php(749): CodeIgniter\Model->doInsert(Array)
#6 C:\xampp\htdocs\pos\system\Model.php(667): CodeIgniter\BaseModel->insert(Array, false)
#7 C:\xampp\htdocs\pos\system\BaseModel.php(659): CodeIgniter\Model->insert(Array, false)
#8 C:\xampp\htdocs\pos\app\Controllers\Clientes.php(66): CodeIgniter\BaseModel->save(Array)
#9 C:\xampp\htdocs\pos\system\CodeIgniter.php(927): App\Controllers\Clientes->insertar()
#10 C:\xampp\htdocs\pos\system\CodeIgniter.php(482): CodeIgniter\CodeIgniter->runController(Object(App\Controllers\Clientes))
#11 C:\xampp\htdocs\pos\system\CodeIgniter.php(351): CodeIgniter\CodeIgniter->handleRequest(NULL, Object(Config\Cache), false)
#12 C:\xampp\htdocs\pos\public\index.php(67): CodeIgniter\CodeIgniter->run()
#13 {main}
CRITICAL - 2023-01-09 17:40:45 --> Column 'edad' cannot be null
in SYSTEMPATH\Database\MySQLi\Connection.php on line 292.
 1 SYSTEMPATH\Database\MySQLi\Connection.php(292): mysqli->query('INSERT INTO `clientes` (`nombre`, `direccion`, `telefono`, `correo`, `edad`, `fecha_alta`, `fecha_edit`) VALUES (\'12323ff\', \'dfdsssa\', \'asassd\', \'3243444\', NULL, \'2023-01-09 17:40:45\', \'2023-01-09 17:40:45\')', 0)
 2 SYSTEMPATH\Database\BaseConnection.php(666): CodeIgniter\Database\MySQLi\Connection->execute('INSERT INTO `clientes` (`nombre`, `direccion`, `telefono`, `correo`, `edad`, `fecha_alta`, `fecha_edit`) VALUES (\'12323ff\', \'dfdsssa\', \'asassd\', \'3243444\', NULL, \'2023-01-09 17:40:45\', \'2023-01-09 17:40:45\')')
 3 SYSTEMPATH\Database\BaseConnection.php(593): CodeIgniter\Database\BaseConnection->simpleQuery('INSERT INTO `clientes` (`nombre`, `direccion`, `telefono`, `correo`, `edad`, `fecha_alta`, `fecha_edit`) VALUES (\'12323ff\', \'dfdsssa\', \'asassd\', \'3243444\', NULL, \'2023-01-09 17:40:45\', \'2023-01-09 17:40:45\')')
 4 SYSTEMPATH\Database\BaseBuilder.php(1916): CodeIgniter\Database\BaseConnection->query('INSERT INTO `clientes` (`nombre`, `direccion`, `telefono`, `correo`, `edad`, `fecha_alta`, `fecha_edit`) VALUES (:nombre:, :direccion:, :telefono:, :correo:, :edad:, :fecha_alta:, :fecha_edit:)', [...], false)
 5 SYSTEMPATH\Model.php(279): CodeIgniter\Database\BaseBuilder->insert()
 6 SYSTEMPATH\BaseModel.php(749): CodeIgniter\Model->doInsert([...])
 7 SYSTEMPATH\Model.php(667): CodeIgniter\BaseModel->insert([...], false)
 8 SYSTEMPATH\BaseModel.php(659): CodeIgniter\Model->insert([...], false)
 9 APPPATH\Controllers\Clientes.php(66): CodeIgniter\BaseModel->save([...])
10 SYSTEMPATH\CodeIgniter.php(927): App\Controllers\Clientes->insertar()
11 SYSTEMPATH\CodeIgniter.php(482): CodeIgniter\CodeIgniter->runController(Object(App\Controllers\Clientes))
12 SYSTEMPATH\CodeIgniter.php(351): CodeIgniter\CodeIgniter->handleRequest(null, Object(Config\Cache), false)
13 FCPATH\index.php(67): CodeIgniter\CodeIgniter->run()
