CRITICAL - 2022-12-10 10:50:33 --> unlink(C:\xampp\htdocs\pos\writable\debugbar/debugbar_1670688670.817393.json): No such file or directory
in SYSTEMPATH\Debug\Toolbar\Collectors\History.php on line 76.
 1 [internal function]: CodeIgniter\Debug\Exceptions->errorHandler(2, 'unlink(C:\\xampp\\htdocs\\pos\\writable\\debugbar/debugbar_1670688670.817393.json): No such file or directory', 'SYSTEMPATH\\Debug\\Toolbar\\Collectors\\History.php', 76)
 2 SYSTEMPATH\Debug\Toolbar\Collectors\History.php(76): unlink('ROOTPATH\\writable\\debugbar/debugbar_1670688670.817393.json')
 3 SYSTEMPATH\Debug\Toolbar.php(500): CodeIgniter\Debug\Toolbar\Collectors\History->setFiles('1670691031.933808', 20)
 4 SYSTEMPATH\Debug\Toolbar.php(477): CodeIgniter\Debug\Toolbar->format([...], 'html')
 5 APPPATH\Config\Events.php(46): CodeIgniter\Debug\Toolbar->respond()
 6 SYSTEMPATH\Events\Events.php(149): CodeIgniter\Events\Events::Config\{closure}()
 7 SYSTEMPATH\CodeIgniter.php(328): CodeIgniter\Events\Events::trigger('pre_system')
 8 FCPATH\index.php(67): CodeIgniter\CodeIgniter->run()
CRITICAL - 2022-12-10 13:54:36 --> Invalid file: productos/productos.php
in SYSTEMPATH\Exceptions\FrameworkException.php on line 33.
 1 SYSTEMPATH\View\View.php(201): CodeIgniter\Exceptions\FrameworkException::forInvalidFile('productos/productos.php')
 2 SYSTEMPATH\Common.php(1134): CodeIgniter\View\View->render('productos/productos', [], true)
 3 APPPATH\Controllers\Productos.php(23): view('productos/productos', [...])
 4 SYSTEMPATH\CodeIgniter.php(927): App\Controllers\Productos->index()
 5 SYSTEMPATH\CodeIgniter.php(482): CodeIgniter\CodeIgniter->runController(Object(App\Controllers\Productos))
 6 SYSTEMPATH\CodeIgniter.php(351): CodeIgniter\CodeIgniter->handleRequest(null, Object(Config\Cache), false)
 7 FCPATH\index.php(67): CodeIgniter\CodeIgniter->run()
CRITICAL - 2022-12-10 15:08:35 --> Undefined variable $datos
in APPPATH\Views\productos\editar.php on line 8.
 1 APPPATH\Views\productos\editar.php(8): CodeIgniter\Debug\Exceptions->errorHandler(2, 'Undefined variable $datos', 'APPPATH\\Views\\productos\\editar.php', 8)
 2 SYSTEMPATH\View\View.php(213): include('APPPATH\\Views\\productos\\editar.php')
 3 SYSTEMPATH\View\View.php(216): CodeIgniter\View\View->CodeIgniter\View\{closure}()
 4 SYSTEMPATH\Common.php(1134): CodeIgniter\View\View->render('productos/editar', [], true)
 5 APPPATH\Controllers\Productos.php(82): view('productos/editar', [...])
 6 SYSTEMPATH\CodeIgniter.php(927): App\Controllers\Productos->editar('1')
 7 SYSTEMPATH\CodeIgniter.php(482): CodeIgniter\CodeIgniter->runController(Object(App\Controllers\Productos))
 8 SYSTEMPATH\CodeIgniter.php(351): CodeIgniter\CodeIgniter->handleRequest(null, Object(Config\Cache), false)
 9 FCPATH\index.php(67): CodeIgniter\CodeIgniter->run()
CRITICAL - 2022-12-10 15:18:55 --> Undefined variable $producto
in APPPATH\Controllers\Productos.php on line 80.
 1 APPPATH\Controllers\Productos.php(80): CodeIgniter\Debug\Exceptions->errorHandler(2, 'Undefined variable $producto', 'APPPATH\\Controllers\\Productos.php', 80)
 2 SYSTEMPATH\CodeIgniter.php(927): App\Controllers\Productos->editar('1')
 3 SYSTEMPATH\CodeIgniter.php(482): CodeIgniter\CodeIgniter->runController(Object(App\Controllers\Productos))
 4 SYSTEMPATH\CodeIgniter.php(351): CodeIgniter\CodeIgniter->handleRequest(null, Object(Config\Cache), false)
 5 FCPATH\index.php(67): CodeIgniter\CodeIgniter->run()
CRITICAL - 2022-12-10 15:19:34 --> Undefined property: App\Controllers\Productos::$producto
in APPPATH\Controllers\Productos.php on line 79.
 1 APPPATH\Controllers\Productos.php(79): CodeIgniter\Debug\Exceptions->errorHandler(2, 'Undefined property: App\\Controllers\\Productos::$producto', 'APPPATH\\Controllers\\Productos.php', 79)
 2 SYSTEMPATH\CodeIgniter.php(927): App\Controllers\Productos->editar('1')
 3 SYSTEMPATH\CodeIgniter.php(482): CodeIgniter\CodeIgniter->runController(Object(App\Controllers\Productos))
 4 SYSTEMPATH\CodeIgniter.php(351): CodeIgniter\CodeIgniter->handleRequest(null, Object(Config\Cache), false)
 5 FCPATH\index.php(67): CodeIgniter\CodeIgniter->run()
CRITICAL - 2022-12-10 15:21:57 --> Undefined variable $producto
in APPPATH\Views\productos\editar.php on line 10.
 1 APPPATH\Views\productos\editar.php(10): CodeIgniter\Debug\Exceptions->errorHandler(2, 'Undefined variable $producto', 'APPPATH\\Views\\productos\\editar.php', 10)
 2 SYSTEMPATH\View\View.php(213): include('APPPATH\\Views\\productos\\editar.php')
 3 SYSTEMPATH\View\View.php(216): CodeIgniter\View\View->CodeIgniter\View\{closure}()
 4 SYSTEMPATH\Common.php(1134): CodeIgniter\View\View->render('productos/editar', [], true)
 5 APPPATH\Controllers\Productos.php(82): view('productos/editar', [...])
 6 SYSTEMPATH\CodeIgniter.php(927): App\Controllers\Productos->editar('1')
 7 SYSTEMPATH\CodeIgniter.php(482): CodeIgniter\CodeIgniter->runController(Object(App\Controllers\Productos))
 8 SYSTEMPATH\CodeIgniter.php(351): CodeIgniter\CodeIgniter->handleRequest(null, Object(Config\Cache), false)
 9 FCPATH\index.php(67): CodeIgniter\CodeIgniter->run()
CRITICAL - 2022-12-10 16:50:56 --> Undefined variable $validation
in APPPATH\Views\unidades\nuevo.php on line 6.
 1 APPPATH\Views\unidades\nuevo.php(6): CodeIgniter\Debug\Exceptions->errorHandler(2, 'Undefined variable $validation', 'APPPATH\\Views\\unidades\\nuevo.php', 6)
 2 SYSTEMPATH\View\View.php(213): include('APPPATH\\Views\\unidades\\nuevo.php')
 3 SYSTEMPATH\View\View.php(216): CodeIgniter\View\View->CodeIgniter\View\{closure}()
 4 SYSTEMPATH\Common.php(1134): CodeIgniter\View\View->render('unidades/nuevo', [], true)
 5 APPPATH\Controllers\Unidades.php(40): view('unidades/nuevo', [...])
 6 SYSTEMPATH\CodeIgniter.php(927): App\Controllers\Unidades->nuevo()
 7 SYSTEMPATH\CodeIgniter.php(482): CodeIgniter\CodeIgniter->runController(Object(App\Controllers\Unidades))
 8 SYSTEMPATH\CodeIgniter.php(351): CodeIgniter\CodeIgniter->handleRequest(null, Object(Config\Cache), false)
 9 FCPATH\index.php(67): CodeIgniter\CodeIgniter->run()
CRITICAL - 2022-12-10 17:06:05 --> Object of type CodeIgniter\Validation\Validation is not callable
in APPPATH\Views\unidades\nuevo.php on line 9.
 1 SYSTEMPATH\View\View.php(213): include()
 2 SYSTEMPATH\View\View.php(216): CodeIgniter\View\View->CodeIgniter\View\{closure}()
 3 SYSTEMPATH\Common.php(1134): CodeIgniter\View\View->render('unidades/nuevo', [], true)
 4 APPPATH\Controllers\Unidades.php(59): view('unidades/nuevo', [...])
 5 SYSTEMPATH\CodeIgniter.php(927): App\Controllers\Unidades->insertar()
 6 SYSTEMPATH\CodeIgniter.php(482): CodeIgniter\CodeIgniter->runController(Object(App\Controllers\Unidades))
 7 SYSTEMPATH\CodeIgniter.php(351): CodeIgniter\CodeIgniter->handleRequest(null, Object(Config\Cache), false)
 8 FCPATH\index.php(67): CodeIgniter\CodeIgniter->run()
CRITICAL - 2022-12-10 17:06:16 --> Object of type CodeIgniter\Validation\Validation is not callable
in APPPATH\Views\unidades\nuevo.php on line 9.
 1 SYSTEMPATH\View\View.php(213): include()
 2 SYSTEMPATH\View\View.php(216): CodeIgniter\View\View->CodeIgniter\View\{closure}()
 3 SYSTEMPATH\Common.php(1134): CodeIgniter\View\View->render('unidades/nuevo', [], true)
 4 APPPATH\Controllers\Unidades.php(59): view('unidades/nuevo', [...])
 5 SYSTEMPATH\CodeIgniter.php(927): App\Controllers\Unidades->insertar()
 6 SYSTEMPATH\CodeIgniter.php(482): CodeIgniter\CodeIgniter->runController(Object(App\Controllers\Unidades))
 7 SYSTEMPATH\CodeIgniter.php(351): CodeIgniter\CodeIgniter->handleRequest(null, Object(Config\Cache), false)
 8 FCPATH\index.php(67): CodeIgniter\CodeIgniter->run()
CRITICAL - 2022-12-10 17:06:28 --> Object of type CodeIgniter\Validation\Validation is not callable
in APPPATH\Views\unidades\nuevo.php on line 9.
 1 SYSTEMPATH\View\View.php(213): include()
 2 SYSTEMPATH\View\View.php(216): CodeIgniter\View\View->CodeIgniter\View\{closure}()
 3 SYSTEMPATH\Common.php(1134): CodeIgniter\View\View->render('unidades/nuevo', [], true)
 4 APPPATH\Controllers\Unidades.php(59): view('unidades/nuevo', [...])
 5 SYSTEMPATH\CodeIgniter.php(927): App\Controllers\Unidades->insertar()
 6 SYSTEMPATH\CodeIgniter.php(482): CodeIgniter\CodeIgniter->runController(Object(App\Controllers\Unidades))
 7 SYSTEMPATH\CodeIgniter.php(351): CodeIgniter\CodeIgniter->handleRequest(null, Object(Config\Cache), false)
 8 FCPATH\index.php(67): CodeIgniter\CodeIgniter->run()
CRITICAL - 2022-12-10 17:14:16 --> Object of type CodeIgniter\Validation\Validation is not callable
in APPPATH\Views\unidades\nuevo.php on line 9.
 1 SYSTEMPATH\View\View.php(213): include()
 2 SYSTEMPATH\View\View.php(216): CodeIgniter\View\View->CodeIgniter\View\{closure}()
 3 SYSTEMPATH\Common.php(1134): CodeIgniter\View\View->render('unidades/nuevo', [], true)
 4 APPPATH\Controllers\Unidades.php(71): view('unidades/nuevo', [...])
 5 SYSTEMPATH\CodeIgniter.php(927): App\Controllers\Unidades->insertar()
 6 SYSTEMPATH\CodeIgniter.php(482): CodeIgniter\CodeIgniter->runController(Object(App\Controllers\Unidades))
 7 SYSTEMPATH\CodeIgniter.php(351): CodeIgniter\CodeIgniter->handleRequest(null, Object(Config\Cache), false)
 8 FCPATH\index.php(67): CodeIgniter\CodeIgniter->run()
ERROR - 2022-12-10 17:34:02 --> mysqli_sql_exception: Duplicate entry '12333345' for key 'codigo' in C:\xampp\htdocs\pos\system\Database\MySQLi\Connection.php:292
Stack trace:
#0 C:\xampp\htdocs\pos\system\Database\MySQLi\Connection.php(292): mysqli->query('INSERT INTO `pr...', 0)
#1 C:\xampp\htdocs\pos\system\Database\BaseConnection.php(666): CodeIgniter\Database\MySQLi\Connection->execute('INSERT INTO `pr...')
#2 C:\xampp\htdocs\pos\system\Database\BaseConnection.php(593): CodeIgniter\Database\BaseConnection->simpleQuery('INSERT INTO `pr...')
#3 C:\xampp\htdocs\pos\system\Database\BaseBuilder.php(1916): CodeIgniter\Database\BaseConnection->query('INSERT INTO `pr...', Array, false)
#4 C:\xampp\htdocs\pos\system\Model.php(279): CodeIgniter\Database\BaseBuilder->insert()
#5 C:\xampp\htdocs\pos\system\BaseModel.php(749): CodeIgniter\Model->doInsert(Array)
#6 C:\xampp\htdocs\pos\system\Model.php(667): CodeIgniter\BaseModel->insert(Array, false)
#7 C:\xampp\htdocs\pos\system\BaseModel.php(659): CodeIgniter\Model->insert(Array, false)
#8 C:\xampp\htdocs\pos\app\Controllers\Productos.php(64): CodeIgniter\BaseModel->save(Array)
#9 C:\xampp\htdocs\pos\system\CodeIgniter.php(927): App\Controllers\Productos->insertar()
#10 C:\xampp\htdocs\pos\system\CodeIgniter.php(482): CodeIgniter\CodeIgniter->runController(Object(App\Controllers\Productos))
#11 C:\xampp\htdocs\pos\system\CodeIgniter.php(351): CodeIgniter\CodeIgniter->handleRequest(NULL, Object(Config\Cache), false)
#12 C:\xampp\htdocs\pos\public\index.php(67): CodeIgniter\CodeIgniter->run()
#13 {main}
CRITICAL - 2022-12-10 17:34:03 --> Duplicate entry '12333345' for key 'codigo'
in SYSTEMPATH\Database\MySQLi\Connection.php on line 292.
 1 SYSTEMPATH\Database\MySQLi\Connection.php(292): mysqli->query('INSERT INTO `productos` (`codigo`, `nombre`, `precio_venta`, `precio_compra`, `stock_minimo`, `inventariable`, `id_unidad`, `id_categoria`, `fecha_alta`, `fecha_edit`) VALUES (\'12333345\', \'1\', \'2\', \'3\', \'4\', \'1\', \'1\', \'1\', \'2022-12-10 17:34:02\', \'2022-12-10 17:34:02\')', 0)
 2 SYSTEMPATH\Database\BaseConnection.php(666): CodeIgniter\Database\MySQLi\Connection->execute('INSERT INTO `productos` (`codigo`, `nombre`, `precio_venta`, `precio_compra`, `stock_minimo`, `inventariable`, `id_unidad`, `id_categoria`, `fecha_alta`, `fecha_edit`) VALUES (\'12333345\', \'1\', \'2\', \'3\', \'4\', \'1\', \'1\', \'1\', \'2022-12-10 17:34:02\', \'2022-12-10 17:34:02\')')
 3 SYSTEMPATH\Database\BaseConnection.php(593): CodeIgniter\Database\BaseConnection->simpleQuery('INSERT INTO `productos` (`codigo`, `nombre`, `precio_venta`, `precio_compra`, `stock_minimo`, `inventariable`, `id_unidad`, `id_categoria`, `fecha_alta`, `fecha_edit`) VALUES (\'12333345\', \'1\', \'2\', \'3\', \'4\', \'1\', \'1\', \'1\', \'2022-12-10 17:34:02\', \'2022-12-10 17:34:02\')')
 4 SYSTEMPATH\Database\BaseBuilder.php(1916): CodeIgniter\Database\BaseConnection->query('INSERT INTO `productos` (`codigo`, `nombre`, `precio_venta`, `precio_compra`, `stock_minimo`, `inventariable`, `id_unidad`, `id_categoria`, `fecha_alta`, `fecha_edit`) VALUES (:codigo:, :nombre:, :precio_venta:, :precio_compra:, :stock_minimo:, :inventariable:, :id_unidad:, :id_categoria:, :fecha_alta:, :fecha_edit:)', [...], false)
 5 SYSTEMPATH\Model.php(279): CodeIgniter\Database\BaseBuilder->insert()
 6 SYSTEMPATH\BaseModel.php(749): CodeIgniter\Model->doInsert([...])
 7 SYSTEMPATH\Model.php(667): CodeIgniter\BaseModel->insert([...], false)
 8 SYSTEMPATH\BaseModel.php(659): CodeIgniter\Model->insert([...], false)
 9 APPPATH\Controllers\Productos.php(64): CodeIgniter\BaseModel->save([...])
10 SYSTEMPATH\CodeIgniter.php(927): App\Controllers\Productos->insertar()
11 SYSTEMPATH\CodeIgniter.php(482): CodeIgniter\CodeIgniter->runController(Object(App\Controllers\Productos))
12 SYSTEMPATH\CodeIgniter.php(351): CodeIgniter\CodeIgniter->handleRequest(null, Object(Config\Cache), false)
13 FCPATH\index.php(67): CodeIgniter\CodeIgniter->run()
ERROR - 2022-12-10 17:41:33 --> mysqli_sql_exception: Duplicate entry '123456752' for key 'codigo' in C:\xampp\htdocs\pos\system\Database\MySQLi\Connection.php:292
Stack trace:
#0 C:\xampp\htdocs\pos\system\Database\MySQLi\Connection.php(292): mysqli->query('INSERT INTO `pr...', 0)
#1 C:\xampp\htdocs\pos\system\Database\BaseConnection.php(666): CodeIgniter\Database\MySQLi\Connection->execute('INSERT INTO `pr...')
#2 C:\xampp\htdocs\pos\system\Database\BaseConnection.php(593): CodeIgniter\Database\BaseConnection->simpleQuery('INSERT INTO `pr...')
#3 C:\xampp\htdocs\pos\system\Database\BaseBuilder.php(1916): CodeIgniter\Database\BaseConnection->query('INSERT INTO `pr...', Array, false)
#4 C:\xampp\htdocs\pos\system\Model.php(279): CodeIgniter\Database\BaseBuilder->insert()
#5 C:\xampp\htdocs\pos\system\BaseModel.php(749): CodeIgniter\Model->doInsert(Array)
#6 C:\xampp\htdocs\pos\system\Model.php(667): CodeIgniter\BaseModel->insert(Array, false)
#7 C:\xampp\htdocs\pos\system\BaseModel.php(659): CodeIgniter\Model->insert(Array, false)
#8 C:\xampp\htdocs\pos\app\Controllers\Productos.php(83): CodeIgniter\BaseModel->save(Array)
#9 C:\xampp\htdocs\pos\system\CodeIgniter.php(927): App\Controllers\Productos->insertar()
#10 C:\xampp\htdocs\pos\system\CodeIgniter.php(482): CodeIgniter\CodeIgniter->runController(Object(App\Controllers\Productos))
#11 C:\xampp\htdocs\pos\system\CodeIgniter.php(351): CodeIgniter\CodeIgniter->handleRequest(NULL, Object(Config\Cache), false)
#12 C:\xampp\htdocs\pos\public\index.php(67): CodeIgniter\CodeIgniter->run()
#13 {main}
CRITICAL - 2022-12-10 17:41:33 --> Duplicate entry '123456752' for key 'codigo'
in SYSTEMPATH\Database\MySQLi\Connection.php on line 292.
 1 SYSTEMPATH\Database\MySQLi\Connection.php(292): mysqli->query('INSERT INTO `productos` (`codigo`, `nombre`, `precio_venta`, `precio_compra`, `stock_minimo`, `inventariable`, `id_unidad`, `id_categoria`, `fecha_alta`, `fecha_edit`) VALUES (\'123456752\', \'1\', \'1\', \'2\', \'3\', \'1\', \'2\', \'1\', \'2022-12-10 17:41:33\', \'2022-12-10 17:41:33\')', 0)
 2 SYSTEMPATH\Database\BaseConnection.php(666): CodeIgniter\Database\MySQLi\Connection->execute('INSERT INTO `productos` (`codigo`, `nombre`, `precio_venta`, `precio_compra`, `stock_minimo`, `inventariable`, `id_unidad`, `id_categoria`, `fecha_alta`, `fecha_edit`) VALUES (\'123456752\', \'1\', \'1\', \'2\', \'3\', \'1\', \'2\', \'1\', \'2022-12-10 17:41:33\', \'2022-12-10 17:41:33\')')
 3 SYSTEMPATH\Database\BaseConnection.php(593): CodeIgniter\Database\BaseConnection->simpleQuery('INSERT INTO `productos` (`codigo`, `nombre`, `precio_venta`, `precio_compra`, `stock_minimo`, `inventariable`, `id_unidad`, `id_categoria`, `fecha_alta`, `fecha_edit`) VALUES (\'123456752\', \'1\', \'1\', \'2\', \'3\', \'1\', \'2\', \'1\', \'2022-12-10 17:41:33\', \'2022-12-10 17:41:33\')')
 4 SYSTEMPATH\Database\BaseBuilder.php(1916): CodeIgniter\Database\BaseConnection->query('INSERT INTO `productos` (`codigo`, `nombre`, `precio_venta`, `precio_compra`, `stock_minimo`, `inventariable`, `id_unidad`, `id_categoria`, `fecha_alta`, `fecha_edit`) VALUES (:codigo:, :nombre:, :precio_venta:, :precio_compra:, :stock_minimo:, :inventariable:, :id_unidad:, :id_categoria:, :fecha_alta:, :fecha_edit:)', [...], false)
 5 SYSTEMPATH\Model.php(279): CodeIgniter\Database\BaseBuilder->insert()
 6 SYSTEMPATH\BaseModel.php(749): CodeIgniter\Model->doInsert([...])
 7 SYSTEMPATH\Model.php(667): CodeIgniter\BaseModel->insert([...], false)
 8 SYSTEMPATH\BaseModel.php(659): CodeIgniter\Model->insert([...], false)
 9 APPPATH\Controllers\Productos.php(83): CodeIgniter\BaseModel->save([...])
10 SYSTEMPATH\CodeIgniter.php(927): App\Controllers\Productos->insertar()
11 SYSTEMPATH\CodeIgniter.php(482): CodeIgniter\CodeIgniter->runController(Object(App\Controllers\Productos))
12 SYSTEMPATH\CodeIgniter.php(351): CodeIgniter\CodeIgniter->handleRequest(null, Object(Config\Cache), false)
13 FCPATH\index.php(67): CodeIgniter\CodeIgniter->run()
CRITICAL - 2022-12-10 17:43:40 --> Undefined variable $unidades
in APPPATH\Views\productos\nuevo.php on line 35.
 1 APPPATH\Views\productos\nuevo.php(35): CodeIgniter\Debug\Exceptions->errorHandler(2, 'Undefined variable $unidades', 'APPPATH\\Views\\productos\\nuevo.php', 35)
 2 SYSTEMPATH\View\View.php(213): include('APPPATH\\Views\\productos\\nuevo.php')
 3 SYSTEMPATH\View\View.php(216): CodeIgniter\View\View->CodeIgniter\View\{closure}()
 4 SYSTEMPATH\Common.php(1134): CodeIgniter\View\View->render('productos/nuevo', [], true)
 5 APPPATH\Controllers\Productos.php(89): view('productos/nuevo', [...])
 6 SYSTEMPATH\CodeIgniter.php(927): App\Controllers\Productos->insertar()
 7 SYSTEMPATH\CodeIgniter.php(482): CodeIgniter\CodeIgniter->runController(Object(App\Controllers\Productos))
 8 SYSTEMPATH\CodeIgniter.php(351): CodeIgniter\CodeIgniter->handleRequest(null, Object(Config\Cache), false)
 9 FCPATH\index.php(67): CodeIgniter\CodeIgniter->run()
CRITICAL - 2022-12-10 18:43:37 --> Undefined property: App\Controllers\Clientes::$unidades
in APPPATH\Controllers\Clientes.php on line 50.
 1 APPPATH\Controllers\Clientes.php(50): CodeIgniter\Debug\Exceptions->errorHandler(2, 'Undefined property: App\\Controllers\\Clientes::$unidades', 'APPPATH\\Controllers\\Clientes.php', 50)
 2 SYSTEMPATH\CodeIgniter.php(927): App\Controllers\Clientes->nuevo()
 3 SYSTEMPATH\CodeIgniter.php(482): CodeIgniter\CodeIgniter->runController(Object(App\Controllers\Clientes))
 4 SYSTEMPATH\CodeIgniter.php(351): CodeIgniter\CodeIgniter->handleRequest(null, Object(Config\Cache), false)
 5 FCPATH\index.php(67): CodeIgniter\CodeIgniter->run()
CRITICAL - 2022-12-10 18:51:15 --> Undefined property: App\Controllers\Clientes::$unidades
in APPPATH\Controllers\Clientes.php on line 50.
 1 APPPATH\Controllers\Clientes.php(50): CodeIgniter\Debug\Exceptions->errorHandler(2, 'Undefined property: App\\Controllers\\Clientes::$unidades', 'APPPATH\\Controllers\\Clientes.php', 50)
 2 SYSTEMPATH\CodeIgniter.php(927): App\Controllers\Clientes->nuevo()
 3 SYSTEMPATH\CodeIgniter.php(482): CodeIgniter\CodeIgniter->runController(Object(App\Controllers\Clientes))
 4 SYSTEMPATH\CodeIgniter.php(351): CodeIgniter\CodeIgniter->handleRequest(null, Object(Config\Cache), false)
 5 FCPATH\index.php(67): CodeIgniter\CodeIgniter->run()
CRITICAL - 2022-12-10 18:51:59 --> Undefined constant "set_value"
in APPPATH\Views\clientes\nuevo.php on line 24.
 1 SYSTEMPATH\View\View.php(213): include()
 2 SYSTEMPATH\View\View.php(216): CodeIgniter\View\View->CodeIgniter\View\{closure}()
 3 SYSTEMPATH\Common.php(1134): CodeIgniter\View\View->render('clientes/nuevo', [], true)
 4 APPPATH\Controllers\Clientes.php(53): view('clientes/nuevo', [...])
 5 SYSTEMPATH\CodeIgniter.php(927): App\Controllers\Clientes->nuevo()
 6 SYSTEMPATH\CodeIgniter.php(482): CodeIgniter\CodeIgniter->runController(Object(App\Controllers\Clientes))
 7 SYSTEMPATH\CodeIgniter.php(351): CodeIgniter\CodeIgniter->handleRequest(null, Object(Config\Cache), false)
 8 FCPATH\index.php(67): CodeIgniter\CodeIgniter->run()
CRITICAL - 2022-12-10 18:54:11 --> Undefined constant "set_value"
in APPPATH\Views\clientes\nuevo.php on line 24.
 1 SYSTEMPATH\View\View.php(213): include()
 2 SYSTEMPATH\View\View.php(216): CodeIgniter\View\View->CodeIgniter\View\{closure}()
 3 SYSTEMPATH\Common.php(1134): CodeIgniter\View\View->render('clientes/nuevo', [], true)
 4 APPPATH\Controllers\Clientes.php(53): view('clientes/nuevo', [...])
 5 SYSTEMPATH\CodeIgniter.php(927): App\Controllers\Clientes->nuevo()
 6 SYSTEMPATH\CodeIgniter.php(482): CodeIgniter\CodeIgniter->runController(Object(App\Controllers\Clientes))
 7 SYSTEMPATH\CodeIgniter.php(351): CodeIgniter\CodeIgniter->handleRequest(null, Object(Config\Cache), false)
 8 FCPATH\index.php(67): CodeIgniter\CodeIgniter->run()
CRITICAL - 2022-12-10 18:54:14 --> Undefined constant "set_value"
in APPPATH\Views\clientes\nuevo.php on line 24.
 1 SYSTEMPATH\View\View.php(213): include()
 2 SYSTEMPATH\View\View.php(216): CodeIgniter\View\View->CodeIgniter\View\{closure}()
 3 SYSTEMPATH\Common.php(1134): CodeIgniter\View\View->render('clientes/nuevo', [], true)
 4 APPPATH\Controllers\Clientes.php(53): view('clientes/nuevo', [...])
 5 SYSTEMPATH\CodeIgniter.php(927): App\Controllers\Clientes->nuevo()
 6 SYSTEMPATH\CodeIgniter.php(482): CodeIgniter\CodeIgniter->runController(Object(App\Controllers\Clientes))
 7 SYSTEMPATH\CodeIgniter.php(351): CodeIgniter\CodeIgniter->handleRequest(null, Object(Config\Cache), false)
 8 FCPATH\index.php(67): CodeIgniter\CodeIgniter->run()
CRITICAL - 2022-12-10 18:54:17 --> Undefined constant "set_value"
in APPPATH\Views\clientes\nuevo.php on line 24.
 1 SYSTEMPATH\View\View.php(213): include()
 2 SYSTEMPATH\View\View.php(216): CodeIgniter\View\View->CodeIgniter\View\{closure}()
 3 SYSTEMPATH\Common.php(1134): CodeIgniter\View\View->render('clientes/nuevo', [], true)
 4 APPPATH\Controllers\Clientes.php(53): view('clientes/nuevo', [...])
 5 SYSTEMPATH\CodeIgniter.php(927): App\Controllers\Clientes->nuevo()
 6 SYSTEMPATH\CodeIgniter.php(482): CodeIgniter\CodeIgniter->runController(Object(App\Controllers\Clientes))
 7 SYSTEMPATH\CodeIgniter.php(351): CodeIgniter\CodeIgniter->handleRequest(null, Object(Config\Cache), false)
 8 FCPATH\index.php(67): CodeIgniter\CodeIgniter->run()
CRITICAL - 2022-12-10 20:33:40 --> Undefined property: CodeIgniter\View\View::$configuracion
in APPPATH\Views\configuracion\configuracion.php on line 18.
 1 APPPATH\Views\configuracion\configuracion.php(18): CodeIgniter\Debug\Exceptions->errorHandler(2, 'Undefined property: CodeIgniter\\View\\View::$configuracion', 'APPPATH\\Views\\configuracion\\configuracion.php', 18)
 2 SYSTEMPATH\View\View.php(213): include('APPPATH\\Views\\configuracion\\configuracion.php')
 3 SYSTEMPATH\View\View.php(216): CodeIgniter\View\View->CodeIgniter\View\{closure}()
 4 SYSTEMPATH\Common.php(1134): CodeIgniter\View\View->render('configuracion/configuracion', [], true)
 5 APPPATH\Controllers\Configuracion.php(41): view('configuracion/configuracion', [...])
 6 SYSTEMPATH\CodeIgniter.php(927): App\Controllers\Configuracion->index()
 7 SYSTEMPATH\CodeIgniter.php(482): CodeIgniter\CodeIgniter->runController(Object(App\Controllers\Configuracion))
 8 SYSTEMPATH\CodeIgniter.php(351): CodeIgniter\CodeIgniter->handleRequest(null, Object(Config\Cache), false)
 9 FCPATH\index.php(67): CodeIgniter\CodeIgniter->run()
CRITICAL - 2022-12-10 20:53:19 --> Trying to access array offset on value of type null
in APPPATH\Views\configuracion\configuracion.php on line 49.
 1 APPPATH\Views\configuracion\configuracion.php(49): CodeIgniter\Debug\Exceptions->errorHandler(2, 'Trying to access array offset on value of type null', 'APPPATH\\Views\\configuracion\\configuracion.php', 49)
 2 SYSTEMPATH\View\View.php(213): include('APPPATH\\Views\\configuracion\\configuracion.php')
 3 SYSTEMPATH\View\View.php(216): CodeIgniter\View\View->CodeIgniter\View\{closure}()
 4 SYSTEMPATH\Common.php(1134): CodeIgniter\View\View->render('configuracion/configuracion', [], true)
 5 APPPATH\Controllers\Configuracion.php(46): view('configuracion/configuracion', [...])
 6 SYSTEMPATH\CodeIgniter.php(927): App\Controllers\Configuracion->index()
 7 SYSTEMPATH\CodeIgniter.php(482): CodeIgniter\CodeIgniter->runController(Object(App\Controllers\Configuracion))
 8 SYSTEMPATH\CodeIgniter.php(351): CodeIgniter\CodeIgniter->handleRequest(null, Object(Config\Cache), false)
 9 FCPATH\index.php(67): CodeIgniter\CodeIgniter->run()
CRITICAL - 2022-12-10 20:55:00 --> Trying to access array offset on value of type null
in APPPATH\Views\configuracion\configuracion.php on line 49.
 1 APPPATH\Views\configuracion\configuracion.php(49): CodeIgniter\Debug\Exceptions->errorHandler(2, 'Trying to access array offset on value of type null', 'APPPATH\\Views\\configuracion\\configuracion.php', 49)
 2 SYSTEMPATH\View\View.php(213): include('APPPATH\\Views\\configuracion\\configuracion.php')
 3 SYSTEMPATH\View\View.php(216): CodeIgniter\View\View->CodeIgniter\View\{closure}()
 4 SYSTEMPATH\Common.php(1134): CodeIgniter\View\View->render('configuracion/configuracion', [], true)
 5 APPPATH\Controllers\Configuracion.php(46): view('configuracion/configuracion', [...])
 6 SYSTEMPATH\CodeIgniter.php(927): App\Controllers\Configuracion->index()
 7 SYSTEMPATH\CodeIgniter.php(482): CodeIgniter\CodeIgniter->runController(Object(App\Controllers\Configuracion))
 8 SYSTEMPATH\CodeIgniter.php(351): CodeIgniter\CodeIgniter->handleRequest(null, Object(Config\Cache), false)
 9 FCPATH\index.php(67): CodeIgniter\CodeIgniter->run()
CRITICAL - 2022-12-10 20:55:03 --> Trying to access array offset on value of type null
in APPPATH\Views\configuracion\configuracion.php on line 49.
 1 APPPATH\Views\configuracion\configuracion.php(49): CodeIgniter\Debug\Exceptions->errorHandler(2, 'Trying to access array offset on value of type null', 'APPPATH\\Views\\configuracion\\configuracion.php', 49)
 2 SYSTEMPATH\View\View.php(213): include('APPPATH\\Views\\configuracion\\configuracion.php')
 3 SYSTEMPATH\View\View.php(216): CodeIgniter\View\View->CodeIgniter\View\{closure}()
 4 SYSTEMPATH\Common.php(1134): CodeIgniter\View\View->render('configuracion/configuracion', [], true)
 5 APPPATH\Controllers\Configuracion.php(46): view('configuracion/configuracion', [...])
 6 SYSTEMPATH\CodeIgniter.php(927): App\Controllers\Configuracion->index()
 7 SYSTEMPATH\CodeIgniter.php(482): CodeIgniter\CodeIgniter->runController(Object(App\Controllers\Configuracion))
 8 SYSTEMPATH\CodeIgniter.php(351): CodeIgniter\CodeIgniter->handleRequest(null, Object(Config\Cache), false)
 9 FCPATH\index.php(67): CodeIgniter\CodeIgniter->run()
