CRITICAL - 2022-12-26 10:18:27 --> Call to a member function where() on null
in APPPATH\Controllers\Usuarios.php on line 87.
 1 SYSTEMPATH\CodeIgniter.php(927): App\Controllers\Usuarios->nuevo()
 2 SYSTEMPATH\CodeIgniter.php(482): CodeIgniter\CodeIgniter->runController(Object(App\Controllers\Usuarios))
 3 SYSTEMPATH\CodeIgniter.php(351): CodeIgniter\CodeIgniter->handleRequest(null, Object(Config\Cache), false)
 4 FCPATH\index.php(67): CodeIgniter\CodeIgniter->run()
CRITICAL - 2022-12-26 10:20:31 --> Call to a member function where() on null
in APPPATH\Controllers\Usuarios.php on line 87.
 1 SYSTEMPATH\CodeIgniter.php(927): App\Controllers\Usuarios->nuevo()
 2 SYSTEMPATH\CodeIgniter.php(482): CodeIgniter\CodeIgniter->runController(Object(App\Controllers\Usuarios))
 3 SYSTEMPATH\CodeIgniter.php(351): CodeIgniter\CodeIgniter->handleRequest(null, Object(Config\Cache), false)
 4 FCPATH\index.php(67): CodeIgniter\CodeIgniter->run()
CRITICAL - 2022-12-26 10:20:47 --> Call to a member function where() on null
in APPPATH\Controllers\Usuarios.php on line 87.
 1 SYSTEMPATH\CodeIgniter.php(927): App\Controllers\Usuarios->nuevo()
 2 SYSTEMPATH\CodeIgniter.php(482): CodeIgniter\CodeIgniter->runController(Object(App\Controllers\Usuarios))
 3 SYSTEMPATH\CodeIgniter.php(351): CodeIgniter\CodeIgniter->handleRequest(null, Object(Config\Cache), false)
 4 FCPATH\index.php(67): CodeIgniter\CodeIgniter->run()
CRITICAL - 2022-12-26 10:20:57 --> Call to a member function where() on null
in APPPATH\Controllers\Usuarios.php on line 87.
 1 SYSTEMPATH\CodeIgniter.php(927): App\Controllers\Usuarios->nuevo()
 2 SYSTEMPATH\CodeIgniter.php(482): CodeIgniter\CodeIgniter->runController(Object(App\Controllers\Usuarios))
 3 SYSTEMPATH\CodeIgniter.php(351): CodeIgniter\CodeIgniter->handleRequest(null, Object(Config\Cache), false)
 4 FCPATH\index.php(67): CodeIgniter\CodeIgniter->run()
CRITICAL - 2022-12-26 11:09:09 --> Undefined variable $usuario
in APPPATH\Controllers\Usuarios.php on line 132.
 1 APPPATH\Controllers\Usuarios.php(132): CodeIgniter\Debug\Exceptions->errorHandler(2, 'Undefined variable $usuario', 'APPPATH\\Controllers\\Usuarios.php', 132)
 2 SYSTEMPATH\CodeIgniter.php(927): App\Controllers\Usuarios->editar('1')
 3 SYSTEMPATH\CodeIgniter.php(482): CodeIgniter\CodeIgniter->runController(Object(App\Controllers\Usuarios))
 4 SYSTEMPATH\CodeIgniter.php(351): CodeIgniter\CodeIgniter->handleRequest(null, Object(Config\Cache), false)
 5 FCPATH\index.php(67): CodeIgniter\CodeIgniter->run()
CRITICAL - 2022-12-26 11:16:23 --> Undefined variable $usuario
in APPPATH\Controllers\Usuarios.php on line 132.
 1 APPPATH\Controllers\Usuarios.php(132): CodeIgniter\Debug\Exceptions->errorHandler(2, 'Undefined variable $usuario', 'APPPATH\\Controllers\\Usuarios.php', 132)
 2 SYSTEMPATH\CodeIgniter.php(927): App\Controllers\Usuarios->editar('1')
 3 SYSTEMPATH\CodeIgniter.php(482): CodeIgniter\CodeIgniter->runController(Object(App\Controllers\Usuarios))
 4 SYSTEMPATH\CodeIgniter.php(351): CodeIgniter\CodeIgniter->handleRequest(null, Object(Config\Cache), false)
 5 FCPATH\index.php(67): CodeIgniter\CodeIgniter->run()
CRITICAL - 2022-12-26 11:17:44 --> Undefined variable $cajas
in APPPATH\Views\usuarios\editar.php on line 34.
 1 APPPATH\Views\usuarios\editar.php(34): CodeIgniter\Debug\Exceptions->errorHandler(2, 'Undefined variable $cajas', 'APPPATH\\Views\\usuarios\\editar.php', 34)
 2 SYSTEMPATH\View\View.php(213): include('APPPATH\\Views\\usuarios\\editar.php')
 3 SYSTEMPATH\View\View.php(216): CodeIgniter\View\View->CodeIgniter\View\{closure}()
 4 SYSTEMPATH\Common.php(1134): CodeIgniter\View\View->render('usuarios/editar', [], true)
 5 APPPATH\Controllers\Usuarios.php(139): view('usuarios/editar', [...])
 6 SYSTEMPATH\CodeIgniter.php(927): App\Controllers\Usuarios->editar('1')
 7 SYSTEMPATH\CodeIgniter.php(482): CodeIgniter\CodeIgniter->runController(Object(App\Controllers\Usuarios))
 8 SYSTEMPATH\CodeIgniter.php(351): CodeIgniter\CodeIgniter->handleRequest(null, Object(Config\Cache), false)
 9 FCPATH\index.php(67): CodeIgniter\CodeIgniter->run()
CRITICAL - 2022-12-26 11:22:30 --> Undefined variable $usuario
in APPPATH\Views\usuarios\editar.php on line 14.
 1 APPPATH\Views\usuarios\editar.php(14): CodeIgniter\Debug\Exceptions->errorHandler(2, 'Undefined variable $usuario', 'APPPATH\\Views\\usuarios\\editar.php', 14)
 2 SYSTEMPATH\View\View.php(213): include('APPPATH\\Views\\usuarios\\editar.php')
 3 SYSTEMPATH\View\View.php(216): CodeIgniter\View\View->CodeIgniter\View\{closure}()
 4 SYSTEMPATH\Common.php(1134): CodeIgniter\View\View->render('usuarios/editar', [], true)
 5 APPPATH\Controllers\Usuarios.php(139): view('usuarios/editar', [...])
 6 SYSTEMPATH\CodeIgniter.php(927): App\Controllers\Usuarios->editar('1')
 7 SYSTEMPATH\CodeIgniter.php(482): CodeIgniter\CodeIgniter->runController(Object(App\Controllers\Usuarios))
 8 SYSTEMPATH\CodeIgniter.php(351): CodeIgniter\CodeIgniter->handleRequest(null, Object(Config\Cache), false)
 9 FCPATH\index.php(67): CodeIgniter\CodeIgniter->run()
CRITICAL - 2022-12-26 11:22:33 --> Undefined variable $usuario
in APPPATH\Views\usuarios\editar.php on line 14.
 1 APPPATH\Views\usuarios\editar.php(14): CodeIgniter\Debug\Exceptions->errorHandler(2, 'Undefined variable $usuario', 'APPPATH\\Views\\usuarios\\editar.php', 14)
 2 SYSTEMPATH\View\View.php(213): include('APPPATH\\Views\\usuarios\\editar.php')
 3 SYSTEMPATH\View\View.php(216): CodeIgniter\View\View->CodeIgniter\View\{closure}()
 4 SYSTEMPATH\Common.php(1134): CodeIgniter\View\View->render('usuarios/editar', [], true)
 5 APPPATH\Controllers\Usuarios.php(139): view('usuarios/editar', [...])
 6 SYSTEMPATH\CodeIgniter.php(927): App\Controllers\Usuarios->editar('1')
 7 SYSTEMPATH\CodeIgniter.php(482): CodeIgniter\CodeIgniter->runController(Object(App\Controllers\Usuarios))
 8 SYSTEMPATH\CodeIgniter.php(351): CodeIgniter\CodeIgniter->handleRequest(null, Object(Config\Cache), false)
 9 FCPATH\index.php(67): CodeIgniter\CodeIgniter->run()
CRITICAL - 2022-12-26 11:22:38 --> Undefined variable $usuario
in APPPATH\Views\usuarios\editar.php on line 14.
 1 APPPATH\Views\usuarios\editar.php(14): CodeIgniter\Debug\Exceptions->errorHandler(2, 'Undefined variable $usuario', 'APPPATH\\Views\\usuarios\\editar.php', 14)
 2 SYSTEMPATH\View\View.php(213): include('APPPATH\\Views\\usuarios\\editar.php')
 3 SYSTEMPATH\View\View.php(216): CodeIgniter\View\View->CodeIgniter\View\{closure}()
 4 SYSTEMPATH\Common.php(1134): CodeIgniter\View\View->render('usuarios/editar', [], true)
 5 APPPATH\Controllers\Usuarios.php(139): view('usuarios/editar', [...])
 6 SYSTEMPATH\CodeIgniter.php(927): App\Controllers\Usuarios->editar('1')
 7 SYSTEMPATH\CodeIgniter.php(482): CodeIgniter\CodeIgniter->runController(Object(App\Controllers\Usuarios))
 8 SYSTEMPATH\CodeIgniter.php(351): CodeIgniter\CodeIgniter->handleRequest(null, Object(Config\Cache), false)
 9 FCPATH\index.php(67): CodeIgniter\CodeIgniter->run()
CRITICAL - 2022-12-26 11:22:40 --> Undefined variable $usuario
in APPPATH\Views\usuarios\editar.php on line 14.
 1 APPPATH\Views\usuarios\editar.php(14): CodeIgniter\Debug\Exceptions->errorHandler(2, 'Undefined variable $usuario', 'APPPATH\\Views\\usuarios\\editar.php', 14)
 2 SYSTEMPATH\View\View.php(213): include('APPPATH\\Views\\usuarios\\editar.php')
 3 SYSTEMPATH\View\View.php(216): CodeIgniter\View\View->CodeIgniter\View\{closure}()
 4 SYSTEMPATH\Common.php(1134): CodeIgniter\View\View->render('usuarios/editar', [], true)
 5 APPPATH\Controllers\Usuarios.php(139): view('usuarios/editar', [...])
 6 SYSTEMPATH\CodeIgniter.php(927): App\Controllers\Usuarios->editar('2')
 7 SYSTEMPATH\CodeIgniter.php(482): CodeIgniter\CodeIgniter->runController(Object(App\Controllers\Usuarios))
 8 SYSTEMPATH\CodeIgniter.php(351): CodeIgniter\CodeIgniter->handleRequest(null, Object(Config\Cache), false)
 9 FCPATH\index.php(67): CodeIgniter\CodeIgniter->run()
CRITICAL - 2022-12-26 11:28:56 --> Undefined variable $usuario
in APPPATH\Views\usuarios\editar.php on line 14.
 1 APPPATH\Views\usuarios\editar.php(14): CodeIgniter\Debug\Exceptions->errorHandler(2, 'Undefined variable $usuario', 'APPPATH\\Views\\usuarios\\editar.php', 14)
 2 SYSTEMPATH\View\View.php(213): include('APPPATH\\Views\\usuarios\\editar.php')
 3 SYSTEMPATH\View\View.php(216): CodeIgniter\View\View->CodeIgniter\View\{closure}()
 4 SYSTEMPATH\Common.php(1134): CodeIgniter\View\View->render('usuarios/editar', [], true)
 5 APPPATH\Controllers\Usuarios.php(139): view('usuarios/editar', [...])
 6 SYSTEMPATH\CodeIgniter.php(927): App\Controllers\Usuarios->editar('2')
 7 SYSTEMPATH\CodeIgniter.php(482): CodeIgniter\CodeIgniter->runController(Object(App\Controllers\Usuarios))
 8 SYSTEMPATH\CodeIgniter.php(351): CodeIgniter\CodeIgniter->handleRequest(null, Object(Config\Cache), false)
 9 FCPATH\index.php(67): CodeIgniter\CodeIgniter->run()
CRITICAL - 2022-12-26 11:29:16 --> Undefined variable $usuarios
in APPPATH\Views\usuarios\editar.php on line 14.
 1 APPPATH\Views\usuarios\editar.php(14): CodeIgniter\Debug\Exceptions->errorHandler(2, 'Undefined variable $usuarios', 'APPPATH\\Views\\usuarios\\editar.php', 14)
 2 SYSTEMPATH\View\View.php(213): include('APPPATH\\Views\\usuarios\\editar.php')
 3 SYSTEMPATH\View\View.php(216): CodeIgniter\View\View->CodeIgniter\View\{closure}()
 4 SYSTEMPATH\Common.php(1134): CodeIgniter\View\View->render('usuarios/editar', [], true)
 5 APPPATH\Controllers\Usuarios.php(139): view('usuarios/editar', [...])
 6 SYSTEMPATH\CodeIgniter.php(927): App\Controllers\Usuarios->editar('2')
 7 SYSTEMPATH\CodeIgniter.php(482): CodeIgniter\CodeIgniter->runController(Object(App\Controllers\Usuarios))
 8 SYSTEMPATH\CodeIgniter.php(351): CodeIgniter\CodeIgniter->handleRequest(null, Object(Config\Cache), false)
 9 FCPATH\index.php(67): CodeIgniter\CodeIgniter->run()
CRITICAL - 2022-12-26 11:29:18 --> Undefined variable $usuarios
in APPPATH\Views\usuarios\editar.php on line 14.
 1 APPPATH\Views\usuarios\editar.php(14): CodeIgniter\Debug\Exceptions->errorHandler(2, 'Undefined variable $usuarios', 'APPPATH\\Views\\usuarios\\editar.php', 14)
 2 SYSTEMPATH\View\View.php(213): include('APPPATH\\Views\\usuarios\\editar.php')
 3 SYSTEMPATH\View\View.php(216): CodeIgniter\View\View->CodeIgniter\View\{closure}()
 4 SYSTEMPATH\Common.php(1134): CodeIgniter\View\View->render('usuarios/editar', [], true)
 5 APPPATH\Controllers\Usuarios.php(139): view('usuarios/editar', [...])
 6 SYSTEMPATH\CodeIgniter.php(927): App\Controllers\Usuarios->editar('2')
 7 SYSTEMPATH\CodeIgniter.php(482): CodeIgniter\CodeIgniter->runController(Object(App\Controllers\Usuarios))
 8 SYSTEMPATH\CodeIgniter.php(351): CodeIgniter\CodeIgniter->handleRequest(null, Object(Config\Cache), false)
 9 FCPATH\index.php(67): CodeIgniter\CodeIgniter->run()
CRITICAL - 2022-12-26 14:56:12 --> Undefined variable $cajas
in APPPATH\Views\usuarios\cambia_password.php on line 30.
 1 APPPATH\Views\usuarios\cambia_password.php(30): CodeIgniter\Debug\Exceptions->errorHandler(2, 'Undefined variable $cajas', 'APPPATH\\Views\\usuarios\\cambia_password.php', 30)
 2 SYSTEMPATH\View\View.php(213): include('APPPATH\\Views\\usuarios\\cambia_password.php')
 3 SYSTEMPATH\View\View.php(216): CodeIgniter\View\View->CodeIgniter\View\{closure}()
 4 SYSTEMPATH\Common.php(1134): CodeIgniter\View\View->render('usuarios/cambia_password', [], true)
 5 APPPATH\Controllers\Usuarios.php(225): view('usuarios/cambia_password', [...])
 6 SYSTEMPATH\CodeIgniter.php(927): App\Controllers\Usuarios->cambia_password()
 7 SYSTEMPATH\CodeIgniter.php(482): CodeIgniter\CodeIgniter->runController(Object(App\Controllers\Usuarios))
 8 SYSTEMPATH\CodeIgniter.php(351): CodeIgniter\CodeIgniter->handleRequest(null, Object(Config\Cache), false)
 9 FCPATH\index.php(67): CodeIgniter\CodeIgniter->run()
CRITICAL - 2022-12-26 20:29:38 --> Undefined variable $datosExiste
in APPPATH\Controllers\TemporalCompra.php on line 27.
 1 APPPATH\Controllers\TemporalCompra.php(27): CodeIgniter\Debug\Exceptions->errorHandler(2, 'Undefined variable $datosExiste', 'APPPATH\\Controllers\\TemporalCompra.php', 27)
 2 SYSTEMPATH\CodeIgniter.php(927): App\Controllers\TemporalCompra->inserta('1', '1', '63aa588785b33')
 3 SYSTEMPATH\CodeIgniter.php(482): CodeIgniter\CodeIgniter->runController(Object(App\Controllers\TemporalCompra))
 4 SYSTEMPATH\CodeIgniter.php(351): CodeIgniter\CodeIgniter->handleRequest(null, Object(Config\Cache), false)
 5 FCPATH\index.php(67): CodeIgniter\CodeIgniter->run()
CRITICAL - 2022-12-26 20:29:43 --> Undefined variable $datosExiste
in APPPATH\Controllers\TemporalCompra.php on line 27.
 1 APPPATH\Controllers\TemporalCompra.php(27): CodeIgniter\Debug\Exceptions->errorHandler(2, 'Undefined variable $datosExiste', 'APPPATH\\Controllers\\TemporalCompra.php', 27)
 2 SYSTEMPATH\CodeIgniter.php(927): App\Controllers\TemporalCompra->inserta('1', '1', '63aa588785b33')
 3 SYSTEMPATH\CodeIgniter.php(482): CodeIgniter\CodeIgniter->runController(Object(App\Controllers\TemporalCompra))
 4 SYSTEMPATH\CodeIgniter.php(351): CodeIgniter\CodeIgniter->handleRequest(null, Object(Config\Cache), false)
 5 FCPATH\index.php(67): CodeIgniter\CodeIgniter->run()
CRITICAL - 2022-12-26 20:33:32 --> Undefined constant "App\Controllers\json"
in APPPATH\Controllers\TemporalCompra.php on line 49.
 1 SYSTEMPATH\CodeIgniter.php(927): App\Controllers\TemporalCompra->inserta('1', '1', '63aa5971d7529')
 2 SYSTEMPATH\CodeIgniter.php(482): CodeIgniter\CodeIgniter->runController(Object(App\Controllers\TemporalCompra))
 3 SYSTEMPATH\CodeIgniter.php(351): CodeIgniter\CodeIgniter->handleRequest(null, Object(Config\Cache), false)
 4 FCPATH\index.php(67): CodeIgniter\CodeIgniter->run()
CRITICAL - 2022-12-26 20:33:41 --> Undefined constant "App\Controllers\json"
in APPPATH\Controllers\TemporalCompra.php on line 49.
 1 SYSTEMPATH\CodeIgniter.php(927): App\Controllers\TemporalCompra->inserta('1', 2, '63aa5971d7529')
 2 SYSTEMPATH\CodeIgniter.php(482): CodeIgniter\CodeIgniter->runController(Object(App\Controllers\TemporalCompra))
 3 SYSTEMPATH\CodeIgniter.php(351): CodeIgniter\CodeIgniter->handleRequest(null, Object(Config\Cache), false)
 4 FCPATH\index.php(67): CodeIgniter\CodeIgniter->run()
CRITICAL - 2022-12-26 20:34:20 --> Undefined constant "App\Controllers\json"
in APPPATH\Controllers\TemporalCompra.php on line 49.
 1 SYSTEMPATH\CodeIgniter.php(927): App\Controllers\TemporalCompra->inserta('1', 2, '63aa5971d7529')
 2 SYSTEMPATH\CodeIgniter.php(482): CodeIgniter\CodeIgniter->runController(Object(App\Controllers\TemporalCompra))
 3 SYSTEMPATH\CodeIgniter.php(351): CodeIgniter\CodeIgniter->handleRequest(null, Object(Config\Cache), false)
 4 FCPATH\index.php(67): CodeIgniter\CodeIgniter->run()
CRITICAL - 2022-12-26 20:34:21 --> Undefined constant "App\Controllers\json"
in APPPATH\Controllers\TemporalCompra.php on line 49.
 1 SYSTEMPATH\CodeIgniter.php(927): App\Controllers\TemporalCompra->inserta('1', 2, '63aa5971d7529')
 2 SYSTEMPATH\CodeIgniter.php(482): CodeIgniter\CodeIgniter->runController(Object(App\Controllers\TemporalCompra))
 3 SYSTEMPATH\CodeIgniter.php(351): CodeIgniter\CodeIgniter->handleRequest(null, Object(Config\Cache), false)
 4 FCPATH\index.php(67): CodeIgniter\CodeIgniter->run()
CRITICAL - 2022-12-26 21:08:21 --> Cannot use object of type mysqli as array
in APPPATH\Controllers\TemporalCompra.php on line 64.
 1 APPPATH\Controllers\TemporalCompra.php(48): App\Controllers\TemporalCompra->cargaProductos('63aa619286aef')
 2 SYSTEMPATH\CodeIgniter.php(927): App\Controllers\TemporalCompra->inserta('1', '1', '63aa619286aef')
 3 SYSTEMPATH\CodeIgniter.php(482): CodeIgniter\CodeIgniter->runController(Object(App\Controllers\TemporalCompra))
 4 SYSTEMPATH\CodeIgniter.php(351): CodeIgniter\CodeIgniter->handleRequest(null, Object(Config\Cache), false)
 5 FCPATH\index.php(67): CodeIgniter\CodeIgniter->run()
CRITICAL - 2022-12-26 21:21:28 --> Undefined variable $folio
in APPPATH\Controllers\TemporalCompra.php on line 31.
 1 APPPATH\Controllers\TemporalCompra.php(31): CodeIgniter\Debug\Exceptions->errorHandler(2, 'Undefined variable $folio', 'APPPATH\\Controllers\\TemporalCompra.php', 31)
 2 SYSTEMPATH\CodeIgniter.php(927): App\Controllers\TemporalCompra->inserta('1', 2, '63aa646885853')
 3 SYSTEMPATH\CodeIgniter.php(482): CodeIgniter\CodeIgniter->runController(Object(App\Controllers\TemporalCompra))
 4 SYSTEMPATH\CodeIgniter.php(351): CodeIgniter\CodeIgniter->handleRequest(null, Object(Config\Cache), false)
 5 FCPATH\index.php(67): CodeIgniter\CodeIgniter->run()
CRITICAL - 2022-12-26 21:35:14 --> Undefined variable $folio
in APPPATH\Controllers\TemporalCompra.php on line 31.
 1 APPPATH\Controllers\TemporalCompra.php(31): CodeIgniter\Debug\Exceptions->errorHandler(2, 'Undefined variable $folio', 'APPPATH\\Controllers\\TemporalCompra.php', 31)
 2 SYSTEMPATH\CodeIgniter.php(927): App\Controllers\TemporalCompra->inserta('1', 2, '63aa67e1b9a04')
 3 SYSTEMPATH\CodeIgniter.php(482): CodeIgniter\CodeIgniter->runController(Object(App\Controllers\TemporalCompra))
 4 SYSTEMPATH\CodeIgniter.php(351): CodeIgniter\CodeIgniter->handleRequest(null, Object(Config\Cache), false)
 5 FCPATH\index.php(67): CodeIgniter\CodeIgniter->run()
CRITICAL - 2022-12-26 21:35:15 --> Undefined variable $folio
in APPPATH\Controllers\TemporalCompra.php on line 31.
 1 APPPATH\Controllers\TemporalCompra.php(31): CodeIgniter\Debug\Exceptions->errorHandler(2, 'Undefined variable $folio', 'APPPATH\\Controllers\\TemporalCompra.php', 31)
 2 SYSTEMPATH\CodeIgniter.php(927): App\Controllers\TemporalCompra->inserta('1', 2, '63aa67e1b9a04')
 3 SYSTEMPATH\CodeIgniter.php(482): CodeIgniter\CodeIgniter->runController(Object(App\Controllers\TemporalCompra))
 4 SYSTEMPATH\CodeIgniter.php(351): CodeIgniter\CodeIgniter->handleRequest(null, Object(Config\Cache), false)
 5 FCPATH\index.php(67): CodeIgniter\CodeIgniter->run()
CRITICAL - 2022-12-26 21:35:33 --> Undefined variable $folio
in APPPATH\Controllers\TemporalCompra.php on line 31.
 1 APPPATH\Controllers\TemporalCompra.php(31): CodeIgniter\Debug\Exceptions->errorHandler(2, 'Undefined variable $folio', 'APPPATH\\Controllers\\TemporalCompra.php', 31)
 2 SYSTEMPATH\CodeIgniter.php(927): App\Controllers\TemporalCompra->inserta('1', 2, '63aa67e1b9a04')
 3 SYSTEMPATH\CodeIgniter.php(482): CodeIgniter\CodeIgniter->runController(Object(App\Controllers\TemporalCompra))
 4 SYSTEMPATH\CodeIgniter.php(351): CodeIgniter\CodeIgniter->handleRequest(null, Object(Config\Cache), false)
 5 FCPATH\index.php(67): CodeIgniter\CodeIgniter->run()
CRITICAL - 2022-12-26 21:35:33 --> Undefined variable $folio
in APPPATH\Controllers\TemporalCompra.php on line 31.
 1 APPPATH\Controllers\TemporalCompra.php(31): CodeIgniter\Debug\Exceptions->errorHandler(2, 'Undefined variable $folio', 'APPPATH\\Controllers\\TemporalCompra.php', 31)
 2 SYSTEMPATH\CodeIgniter.php(927): App\Controllers\TemporalCompra->inserta('1', 2, '63aa67e1b9a04')
 3 SYSTEMPATH\CodeIgniter.php(482): CodeIgniter\CodeIgniter->runController(Object(App\Controllers\TemporalCompra))
 4 SYSTEMPATH\CodeIgniter.php(351): CodeIgniter\CodeIgniter->handleRequest(null, Object(Config\Cache), false)
 5 FCPATH\index.php(67): CodeIgniter\CodeIgniter->run()
CRITICAL - 2022-12-26 21:35:34 --> Undefined variable $folio
in APPPATH\Controllers\TemporalCompra.php on line 31.
 1 APPPATH\Controllers\TemporalCompra.php(31): CodeIgniter\Debug\Exceptions->errorHandler(2, 'Undefined variable $folio', 'APPPATH\\Controllers\\TemporalCompra.php', 31)
 2 SYSTEMPATH\CodeIgniter.php(927): App\Controllers\TemporalCompra->inserta('1', 2, '63aa67e1b9a04')
 3 SYSTEMPATH\CodeIgniter.php(482): CodeIgniter\CodeIgniter->runController(Object(App\Controllers\TemporalCompra))
 4 SYSTEMPATH\CodeIgniter.php(351): CodeIgniter\CodeIgniter->handleRequest(null, Object(Config\Cache), false)
 5 FCPATH\index.php(67): CodeIgniter\CodeIgniter->run()
CRITICAL - 2022-12-26 21:35:34 --> Undefined variable $folio
in APPPATH\Controllers\TemporalCompra.php on line 31.
 1 APPPATH\Controllers\TemporalCompra.php(31): CodeIgniter\Debug\Exceptions->errorHandler(2, 'Undefined variable $folio', 'APPPATH\\Controllers\\TemporalCompra.php', 31)
 2 SYSTEMPATH\CodeIgniter.php(927): App\Controllers\TemporalCompra->inserta('1', 2, '63aa67e1b9a04')
 3 SYSTEMPATH\CodeIgniter.php(482): CodeIgniter\CodeIgniter->runController(Object(App\Controllers\TemporalCompra))
 4 SYSTEMPATH\CodeIgniter.php(351): CodeIgniter\CodeIgniter->handleRequest(null, Object(Config\Cache), false)
 5 FCPATH\index.php(67): CodeIgniter\CodeIgniter->run()
CRITICAL - 2022-12-26 22:57:19 --> Undefined property: App\Controllers\Compras::$unidades
in APPPATH\Controllers\Compras.php on line 26.
 1 APPPATH\Controllers\Compras.php(26): CodeIgniter\Debug\Exceptions->errorHandler(2, 'Undefined property: App\\Controllers\\Compras::$unidades', 'APPPATH\\Controllers\\Compras.php', 26)
 2 SYSTEMPATH\CodeIgniter.php(927): App\Controllers\Compras->index()
 3 SYSTEMPATH\CodeIgniter.php(482): CodeIgniter\CodeIgniter->runController(Object(App\Controllers\Compras))
 4 SYSTEMPATH\CodeIgniter.php(351): CodeIgniter\CodeIgniter->handleRequest(null, Object(Config\Cache), false)
 5 FCPATH\index.php(67): CodeIgniter\CodeIgniter->run()
